This file contains any messages produced by compilers while
running configure, to aid debugging if configure makes a mistake.

It was created by efax-gtk configure 3.2.13, which was
generated by GNU Autoconf 2.69.  Invocation command line was

  $ ./configure 

## --------- ##
## Platform. ##
## --------- ##

hostname = linux-fc4y
uname -m = x86_64
uname -r = 4.12.14-lp150.12.61-default
uname -s = Linux
uname -v = #1 SMP Tue May 14 18:07:55 UTC 2019 (83c1242)

/usr/bin/uname -p = x86_64
/bin/uname -X     = unknown

/bin/arch              = x86_64
/usr/bin/arch -k       = unknown
/usr/convex/getsysinfo = unknown
/usr/bin/hostinfo      = unknown
/bin/machine           = unknown
/usr/bin/oslevel       = unknown
/bin/universe          = unknown

PATH: /home/netpipe/bin
PATH: /usr/local/bin
PATH: /usr/bin
PATH: /bin
PATH: /usr/lib/mit/bin
PATH: /usr/lib/mit/sbin


## ----------- ##
## Core tests. ##
## ----------- ##

configure:2605: loading site script /usr/share/site/x86_64-unknown-linux-gnu
| #!/bin/sh
| # Site script for configure. It is resourced via $CONFIG_SITE environment varaible.
| 
| # If user did not specify libdir, guess the correct target:
| # Use lib64 for 64 bit bi-arch targets, keep the default for the rest.
| if test "$libdir" = '${exec_prefix}/lib' ; then
| 
| 	ac_config_site_64bit_host=NONE
| 
| 	case "$host" in
| 	"" )
| 		# User did not specify host target.
| 		# The native platform x86_64 is a bi-arch platform.
| 		# Try to detect cross-compilation to inferior architecture.
| 
| 		# We are trying to guess 32-bit target compilation. It's not as easy as
| 		# it sounds, as there is possible several intermediate combinations.
| 		ac_config_site_cross_to_32bit_host=NONE
| 
| 		# User defined -m32 in CFLAGS or CXXFLAGS or CC or CXX:
| 		# (It's sufficient for 32-bit, but alone may cause mis-behavior of some checks.)
| 		case "$CFLAGS $CXXFLAGS $CC $CXX" in
| 		*-m32*)
| 			ac_config_site_cross_to_32bit_host=YES
| 			;;
| 		esac
| 
| 		# Running with linux32:
| 		# (Changes detected platform, but not the toolchain target.)
| 		case "`/bin/uname -i`" in
| 		x86_64 | ppc64 | s390x | aarch64 )
| 			;;
| 		* )
| 			ac_config_site_cross_to_32bit_host=YES
| 			;;
| 		esac
| 
| 		if test "x$ac_config_site_cross_to_32bit_host" = xNONE; then
| 			ac_config_site_64bit_host=YES
| 		fi
| 
| 		;;
| 	*x86_64* | *ppc64* | *s390x* | *aarch64* )
| 		ac_config_site_64bit_host=YES
| 		;;
| 	esac
| 
| 	if test "x$ac_config_site_64bit_host" = xYES; then
| 		libdir='${exec_prefix}/lib64'
| 	fi
| fi
| 
| # If user did not specify libexecdir, set the correct target:
| # Nor FHS nor openSUSE allow prefix/libexec. Let's default to prefix/lib.
| 
| if test "$libexecdir" = '${exec_prefix}/libexec' ; then
| 	libexecdir='${exec_prefix}/lib'
| fi
| 
| # Continue with the standard behavior of configure defined in AC_SITE_LOAD:
| if test "x$prefix" != xNONE; then
| 	ac_site_file1=$prefix/share/config.site
| 	ac_site_file2=$prefix/etc/config.site
| else
| 	ac_site_file1=$ac_default_prefix/share/config.site
| 	ac_site_file2=$ac_default_prefix/etc/config.site
| fi
| for ac_site_file in "$ac_site_file1" "$ac_site_file2"
| do
| 	test "x$ac_site_file" = xNONE && continue
| 	if test /dev/null != "$ac_site_file" && test -r "$ac_site_file"; then
| 		{ $as_echo "/usr/share/site/x86_64-unknown-linux-gnu:${as_lineno-$LINENO}: loading site script $ac_site_file" >&5
| $as_echo "/usr/share/site/x86_64-unknown-linux-gnu: loading site script $ac_site_file" >&6;}
| 		sed 's/^/| /' "$ac_site_file" >&5
| 		. "$ac_site_file" \
| 			|| { { $as_echo "/usr/share/site/x86_64-unknown-linux-gnu:${as_lineno-$LINENO}: error: in \`$ac_pwd':" >&5
| $as_echo "/usr/share/site/x86_64-unknown-linux-gnu: error: in \`$ac_pwd':" >&2;}
| as_fn_error $? "failed to load site script $ac_site_file
| See \`config.log' for more details" "$LINENO" 5; }
| 	fi
| done
configure:2748: checking for a BSD-compatible install
configure:2816: result: /usr/bin/install -c
configure:2827: checking whether build environment is sane
configure:2882: result: yes
configure:3033: checking for a thread-safe mkdir -p
configure:3072: result: /usr/bin/mkdir -p
configure:3079: checking for gawk
configure:3095: found /usr/bin/gawk
configure:3106: result: gawk
configure:3117: checking whether make sets $(MAKE)
configure:3139: result: yes
configure:3168: checking whether make supports nested variables
configure:3185: result: yes
configure:3284: checking whether make supports nested variables
configure:3301: result: yes
configure:3325: checking for style of include used by make
configure:3353: result: GNU
configure:3440: checking for gcc
configure:3456: found /usr/bin/gcc
configure:3467: result: gcc
configure:3696: checking for C compiler version
configure:3705: gcc --version >&5
gcc (SUSE Linux) 7.4.1 20190424 [gcc-7-branch revision 270538]
Copyright (C) 2017 Free Software Foundation, Inc.
This is free software; see the source for copying conditions.  There is NO
warranty; not even for MERCHANTABILITY or FITNESS FOR A PARTICULAR PURPOSE.

configure:3716: $? = 0
configure:3705: gcc -v >&5
Using built-in specs.
COLLECT_GCC=gcc
COLLECT_LTO_WRAPPER=/usr/lib64/gcc/x86_64-suse-linux/7/lto-wrapper
OFFLOAD_TARGET_NAMES=hsa:nvptx-none
Target: x86_64-suse-linux
Configured with: ../configure --prefix=/usr --infodir=/usr/share/info --mandir=/usr/share/man --libdir=/usr/lib64 --libexecdir=/usr/lib64 --enable-languages=c,c++,objc,fortran,obj-c++,ada,go --enable-offload-targets=hsa,nvptx-none=/usr/nvptx-none, --without-cuda-driver --enable-checking=release --disable-werror --with-gxx-include-dir=/usr/include/c++/7 --enable-ssp --disable-libssp --disable-libvtv --disable-libcc1 --disable-plugin --with-bugurl=https://bugs.opensuse.org/ --with-pkgversion='SUSE Linux' --with-slibdir=/lib64 --with-system-zlib --enable-libstdcxx-allocator=new --disable-libstdcxx-pch --enable-version-specific-runtime-libs --with-gcc-major-version-only --enable-linker-build-id --enable-linux-futex --enable-gnu-indirect-function --program-suffix=-7 --without-system-libunwind --enable-multilib --with-arch-32=x86-64 --with-tune=generic --build=x86_64-suse-linux --host=x86_64-suse-linux
Thread model: posix
gcc version 7.4.1 20190424 [gcc-7-branch revision 270538] (SUSE Linux) 
configure:3716: $? = 0
configure:3705: gcc -V >&5
gcc: error: unrecognized command line option '-V'
gcc: fatal error: no input files
compilation terminated.
configure:3716: $? = 1
configure:3705: gcc -qversion >&5
gcc: error: unrecognized command line option '-qversion'; did you mean '--version'?
gcc: fatal error: no input files
compilation terminated.
configure:3716: $? = 1
configure:3736: checking whether the C compiler works
configure:3758: gcc    conftest.c  >&5
configure:3762: $? = 0
configure:3810: result: yes
configure:3813: checking for C compiler default output file name
configure:3815: result: a.out
configure:3821: checking for suffix of executables
configure:3828: gcc -o conftest    conftest.c  >&5
configure:3832: $? = 0
configure:3854: result: 
configure:3876: checking whether we are cross compiling
configure:3884: gcc -o conftest    conftest.c  >&5
configure:3888: $? = 0
configure:3895: ./conftest
configure:3899: $? = 0
configure:3914: result: no
configure:3919: checking for suffix of object files
configure:3941: gcc -c   conftest.c >&5
configure:3945: $? = 0
configure:3966: result: o
configure:3970: checking whether we are using the GNU C compiler
configure:3989: gcc -c   conftest.c >&5
configure:3989: $? = 0
configure:3998: result: yes
configure:4007: checking whether gcc accepts -g
configure:4027: gcc -c -g  conftest.c >&5
configure:4027: $? = 0
configure:4068: result: yes
configure:4085: checking for gcc option to accept ISO C89
configure:4148: gcc  -c -g -O2  conftest.c >&5
configure:4148: $? = 0
configure:4161: result: none needed
configure:4183: checking dependency style of gcc
configure:4294: result: gcc3
configure:4314: checking how to run the C preprocessor
configure:4345: gcc -E  conftest.c
configure:4345: $? = 0
configure:4359: gcc -E  conftest.c
conftest.c:11:10: fatal error: ac_nonexistent.h: No such file or directory
 #include <ac_nonexistent.h>
          ^~~~~~~~~~~~~~~~~~
compilation terminated.
configure:4359: $? = 1
configure: failed program was:
| /* confdefs.h */
| #define PACKAGE_NAME "efax-gtk"
| #define PACKAGE_TARNAME "efax-gtk"
| #define PACKAGE_VERSION "3.2.13"
| #define PACKAGE_STRING "efax-gtk 3.2.13"
| #define PACKAGE_BUGREPORT ""
| #define PACKAGE_URL ""
| #define PACKAGE "efax-gtk"
| #define VERSION "3.2.13"
| /* end confdefs.h.  */
| #include <ac_nonexistent.h>
configure:4384: result: gcc -E
configure:4404: gcc -E  conftest.c
configure:4404: $? = 0
configure:4418: gcc -E  conftest.c
conftest.c:11:10: fatal error: ac_nonexistent.h: No such file or directory
 #include <ac_nonexistent.h>
          ^~~~~~~~~~~~~~~~~~
compilation terminated.
configure:4418: $? = 1
configure: failed program was:
| /* confdefs.h */
| #define PACKAGE_NAME "efax-gtk"
| #define PACKAGE_TARNAME "efax-gtk"
| #define PACKAGE_VERSION "3.2.13"
| #define PACKAGE_STRING "efax-gtk 3.2.13"
| #define PACKAGE_BUGREPORT ""
| #define PACKAGE_URL ""
| #define PACKAGE "efax-gtk"
| #define VERSION "3.2.13"
| /* end confdefs.h.  */
| #include <ac_nonexistent.h>
configure:4528: checking whether gcc supports -pthread
configure:4547: result: yes
configure:4561: checking whether gcc supports -Wno-deprecated-declarations
configure:4580: result: yes
configure:4658: checking for g++
configure:4674: found /usr/bin/g++
configure:4685: result: g++
configure:4712: checking for C++ compiler version
configure:4721: g++ --version >&5
g++ (SUSE Linux) 7.4.1 20190424 [gcc-7-branch revision 270538]
Copyright (C) 2017 Free Software Foundation, Inc.
This is free software; see the source for copying conditions.  There is NO
warranty; not even for MERCHANTABILITY or FITNESS FOR A PARTICULAR PURPOSE.

configure:4732: $? = 0
configure:4721: g++ -v >&5
Using built-in specs.
COLLECT_GCC=g++
COLLECT_LTO_WRAPPER=/usr/lib64/gcc/x86_64-suse-linux/7/lto-wrapper
OFFLOAD_TARGET_NAMES=hsa:nvptx-none
Target: x86_64-suse-linux
Configured with: ../configure --prefix=/usr --infodir=/usr/share/info --mandir=/usr/share/man --libdir=/usr/lib64 --libexecdir=/usr/lib64 --enable-languages=c,c++,objc,fortran,obj-c++,ada,go --enable-offload-targets=hsa,nvptx-none=/usr/nvptx-none, --without-cuda-driver --enable-checking=release --disable-werror --with-gxx-include-dir=/usr/include/c++/7 --enable-ssp --disable-libssp --disable-libvtv --disable-libcc1 --disable-plugin --with-bugurl=https://bugs.opensuse.org/ --with-pkgversion='SUSE Linux' --with-slibdir=/lib64 --with-system-zlib --enable-libstdcxx-allocator=new --disable-libstdcxx-pch --enable-version-specific-runtime-libs --with-gcc-major-version-only --enable-linker-build-id --enable-linux-futex --enable-gnu-indirect-function --program-suffix=-7 --without-system-libunwind --enable-multilib --with-arch-32=x86-64 --with-tune=generic --build=x86_64-suse-linux --host=x86_64-suse-linux
Thread model: posix
gcc version 7.4.1 20190424 [gcc-7-branch revision 270538] (SUSE Linux) 
configure:4732: $? = 0
configure:4721: g++ -V >&5
g++: error: unrecognized command line option '-V'
g++: fatal error: no input files
compilation terminated.
configure:4732: $? = 1
configure:4721: g++ -qversion >&5
g++: error: unrecognized command line option '-qversion'; did you mean '--version'?
g++: fatal error: no input files
compilation terminated.
configure:4732: $? = 1
configure:4736: checking whether we are using the GNU C++ compiler
configure:4755: g++ -c   conftest.cpp >&5
configure:4755: $? = 0
configure:4764: result: yes
configure:4773: checking whether g++ accepts -g
configure:4793: g++ -c -g  conftest.cpp >&5
configure:4793: $? = 0
configure:4834: result: yes
configure:4859: checking dependency style of g++
configure:4970: result: gcc3
configure:4990: checking how to run the C++ preprocessor
configure:5017: g++ -E  conftest.cpp
configure:5017: $? = 0
configure:5031: g++ -E  conftest.cpp
conftest.cpp:11:10: fatal error: ac_nonexistent.h: No such file or directory
 #include <ac_nonexistent.h>
          ^~~~~~~~~~~~~~~~~~
compilation terminated.
configure:5031: $? = 1
configure: failed program was:
| /* confdefs.h */
| #define PACKAGE_NAME "efax-gtk"
| #define PACKAGE_TARNAME "efax-gtk"
| #define PACKAGE_VERSION "3.2.13"
| #define PACKAGE_STRING "efax-gtk 3.2.13"
| #define PACKAGE_BUGREPORT ""
| #define PACKAGE_URL ""
| #define PACKAGE "efax-gtk"
| #define VERSION "3.2.13"
| /* end confdefs.h.  */
| #include <ac_nonexistent.h>
configure:5056: result: g++ -E
configure:5076: g++ -E  conftest.cpp
configure:5076: $? = 0
configure:5090: g++ -E  conftest.cpp
conftest.cpp:11:10: fatal error: ac_nonexistent.h: No such file or directory
 #include <ac_nonexistent.h>
          ^~~~~~~~~~~~~~~~~~
compilation terminated.
configure:5090: $? = 1
configure: failed program was:
| /* confdefs.h */
| #define PACKAGE_NAME "efax-gtk"
| #define PACKAGE_TARNAME "efax-gtk"
| #define PACKAGE_VERSION "3.2.13"
| #define PACKAGE_STRING "efax-gtk 3.2.13"
| #define PACKAGE_BUGREPORT ""
| #define PACKAGE_URL ""
| #define PACKAGE "efax-gtk"
| #define VERSION "3.2.13"
| /* end confdefs.h.  */
| #include <ac_nonexistent.h>
configure:5204: checking whether g++ supports -fexceptions
configure:5223: result: yes
configure:5238: checking whether g++ supports -fsigned-char
configure:5257: result: yes
configure:5272: checking whether g++ supports -fno-check-new
configure:5291: result: yes
configure:5306: checking whether g++ supports -Wno-deprecated
configure:5325: result: yes
configure:5340: checking whether g++ supports -Wno-deprecated-declarations
configure:5359: result: yes
configure:5374: checking whether g++ supports -pthread
configure:5393: result: yes
configure:5415: checking which version of gtk+ to compile against
configure:7976: result: auto
configure:7985: checking for pkg-config
configure:8003: found /usr/bin/pkg-config
configure:8016: result: /usr/bin/pkg-config
configure:8034: checking for c++-gtk-utils-3-2.2 >= 2.1.0
configure:8038: result: yes
configure:8042: checking CXX_GTK_UTILS_CFLAGS
configure:8045: result: -pthread -I/usr/include/c++-gtk-utils-3-2.2 -I/usr/include/gtk-3.0/unix-print -I/usr/include/gtk-3.0 -I/usr/include/at-spi2-atk/2.0 -I/usr/include/at-spi-2.0 -I/usr/include/dbus-1.0 -I/usr/lib64/dbus-1.0/include -I/usr/include/gtk-3.0 -I/usr/include/gio-unix-2.0/ -I/usr/include/libxkbcommon -I/usr/include/wayland -I/usr/include/cairo -I/usr/include/pango-1.0 -I/usr/include/harfbuzz -I/usr/include/pango-1.0 -I/usr/include/atk-1.0 -I/usr/include/cairo -I/usr/include/pixman-1 -I/usr/include/freetype2 -I/usr/include/libdrm -I/usr/include/libpng16 -I/usr/include/gdk-pixbuf-2.0 -I/usr/include/glib-2.0 -I/usr/lib64/glib-2.0/include -I/usr/include/gtk-3.0 -I/usr/include/at-spi2-atk/2.0 -I/usr/include/at-spi-2.0 -I/usr/include/dbus-1.0 -I/usr/lib64/dbus-1.0/include -I/usr/include/gtk-3.0 -I/usr/include/gio-unix-2.0/ -I/usr/include/libxkbcommon -I/usr/include/wayland -I/usr/include/cairo -I/usr/include/pango-1.0 -I/usr/include/harfbuzz -I/usr/include/pango-1.0 -I/usr/include/atk-1.0 -I/usr/include/cairo -I/usr/include/pixman-1 -I/usr/include/freetype2 -I/usr/include/libdrm -I/usr/include/libpng16 -I/usr/include/gdk-pixbuf-2.0 -I/usr/include/glib-2.0 -I/usr/lib64/glib-2.0/include -I/usr/include/glib-2.0 -I/usr/lib64/glib-2.0/include -I/usr/include/glib-2.0 -I/usr/lib64/glib-2.0/include
configure:8048: checking CXX_GTK_UTILS_LIBS
configure:8051: result: -pthread -lcxx-gtk-utils-3-2.2 -lgtk-3 -lgdk-3 -lpangocairo-1.0 -lpango-1.0 -latk-1.0 -lcairo-gobject -lcairo -lgdk_pixbuf-2.0 -lgio-2.0 -lgobject-2.0 -lglib-2.0 -lgtk-3 -lgdk-3 -lpangocairo-1.0 -lpango-1.0 -latk-1.0 -lcairo-gobject -lcairo -lgdk_pixbuf-2.0 -lgio-2.0 -lgobject-2.0 -lglib-2.0 -lgio-2.0 -lgobject-2.0 -lglib-2.0 -lgthread-2.0 -pthread -lglib-2.0
configure:8074: checking whether g++ supports -std=c++11
configure:8093: result: yes
configure:8196: checking for gtk+-3.0 >= 2.99.0
configure:8200: result: yes
configure:8204: checking GTK_CFLAGS
configure:8207: result: -pthread -I/usr/include/gtk-3.0 -I/usr/include/at-spi2-atk/2.0 -I/usr/include/at-spi-2.0 -I/usr/include/dbus-1.0 -I/usr/lib64/dbus-1.0/include -I/usr/include/gtk-3.0 -I/usr/include/gio-unix-2.0/ -I/usr/include/libxkbcommon -I/usr/include/wayland -I/usr/include/cairo -I/usr/include/pango-1.0 -I/usr/include/harfbuzz -I/usr/include/pango-1.0 -I/usr/include/atk-1.0 -I/usr/include/cairo -I/usr/include/pixman-1 -I/usr/include/freetype2 -I/usr/include/libdrm -I/usr/include/libpng16 -I/usr/include/gdk-pixbuf-2.0 -I/usr/include/glib-2.0 -I/usr/lib64/glib-2.0/include
configure:8210: checking GTK_LIBS
configure:8213: result: -lgtk-3 -lgdk-3 -lpangocairo-1.0 -lpango-1.0 -latk-1.0 -lcairo-gobject -lcairo -lgdk_pixbuf-2.0 -lgio-2.0 -lgobject-2.0 -lglib-2.0
configure:9498: checking for glib-2.0 >= 2.10.0
configure:9502: result: yes
configure:9506: checking GLIB_CFLAGS
configure:9509: result: -I/usr/include/glib-2.0 -I/usr/lib64/glib-2.0/include
configure:9512: checking GLIB_LIBS
configure:9515: result: -lglib-2.0
configure:9593: checking for gthread-2.0 >= 2.0.0
configure:9597: result: yes
configure:9601: checking GTHREAD_CFLAGS
configure:9604: result: -pthread -I/usr/include/glib-2.0 -I/usr/lib64/glib-2.0/include
configure:9607: checking GTHREAD_LIBS
configure:9610: result: -lgthread-2.0 -pthread -lglib-2.0
configure:9635: checking for grep that handles long lines and -e
configure:9693: result: /usr/bin/grep
configure:9698: checking for egrep
configure:9760: result: /usr/bin/grep -E
configure:9765: checking for ANSI C header files
configure:9785: gcc -c -O2  -pthread -Wno-deprecated-declarations -Wall  conftest.c >&5
configure:9785: $? = 0
configure:9858: gcc -o conftest -O2  -pthread -Wno-deprecated-declarations -Wall  -s conftest.c  >&5
configure:9858: $? = 0
configure:9858: ./conftest
configure:9858: $? = 0
configure:9869: result: yes
configure:9882: checking for sys/types.h
configure:9882: gcc -c -O2  -pthread -Wno-deprecated-declarations -Wall  conftest.c >&5
configure:9882: $? = 0
configure:9882: result: yes
configure:9882: checking for sys/stat.h
configure:9882: gcc -c -O2  -pthread -Wno-deprecated-declarations -Wall  conftest.c >&5
configure:9882: $? = 0
configure:9882: result: yes
configure:9882: checking for stdlib.h
configure:9882: gcc -c -O2  -pthread -Wno-deprecated-declarations -Wall  conftest.c >&5
configure:9882: $? = 0
configure:9882: result: yes
configure:9882: checking for string.h
configure:9882: gcc -c -O2  -pthread -Wno-deprecated-declarations -Wall  conftest.c >&5
configure:9882: $? = 0
configure:9882: result: yes
configure:9882: checking for memory.h
configure:9882: gcc -c -O2  -pthread -Wno-deprecated-declarations -Wall  conftest.c >&5
configure:9882: $? = 0
configure:9882: result: yes
configure:9882: checking for strings.h
configure:9882: gcc -c -O2  -pthread -Wno-deprecated-declarations -Wall  conftest.c >&5
configure:9882: $? = 0
configure:9882: result: yes
configure:9882: checking for inttypes.h
configure:9882: gcc -c -O2  -pthread -Wno-deprecated-declarations -Wall  conftest.c >&5
configure:9882: $? = 0
configure:9882: result: yes
configure:9882: checking for stdint.h
configure:9882: gcc -c -O2  -pthread -Wno-deprecated-declarations -Wall  conftest.c >&5
configure:9882: $? = 0
configure:9882: result: yes
configure:9882: checking for unistd.h
configure:9882: gcc -c -O2  -pthread -Wno-deprecated-declarations -Wall  conftest.c >&5
configure:9882: $? = 0
configure:9882: result: yes
configure:10011: checking for x11
configure:10015: result: yes
configure:10019: checking X11_CFLAGS
configure:10022: result: 
configure:10025: checking X11_LIBS
configure:10028: result: -lX11
configure:10060: checking X11/Xlib.h usability
configure:10060: gcc -c -O2  -pthread -Wno-deprecated-declarations -Wall -pthread -I/usr/include/gtk-2.0 -I/usr/lib64/gtk-2.0/include -I/usr/include/pango-1.0 -I/usr/include/harfbuzz -I/usr/include/pango-1.0 -I/usr/include/cairo -I/usr/include/pixman-1 -I/usr/include/freetype2 -I/usr/include/libdrm -I/usr/include/libpng16 -I/usr/include/gdk-pixbuf-2.0 -I/usr/include/glib-2.0 -I/usr/lib64/glib-2.0/include   conftest.c >&5
configure:10060: $? = 0
configure:10060: result: yes
configure:10060: checking X11/Xlib.h presence
configure:10060: gcc -E  conftest.c
configure:10060: $? = 0
configure:10060: result: yes
configure:10060: checking for X11/Xlib.h
configure:10060: result: yes
configure:10060: checking X11/XKBlib.h usability
configure:10060: gcc -c -O2  -pthread -Wno-deprecated-declarations -Wall -pthread -I/usr/include/gtk-2.0 -I/usr/lib64/gtk-2.0/include -I/usr/include/pango-1.0 -I/usr/include/harfbuzz -I/usr/include/pango-1.0 -I/usr/include/cairo -I/usr/include/pixman-1 -I/usr/include/freetype2 -I/usr/include/libdrm -I/usr/include/libpng16 -I/usr/include/gdk-pixbuf-2.0 -I/usr/include/glib-2.0 -I/usr/lib64/glib-2.0/include   conftest.c >&5
configure:10060: $? = 0
configure:10060: result: yes
configure:10060: checking X11/XKBlib.h presence
configure:10060: gcc -E  conftest.c
configure:10060: $? = 0
configure:10060: result: yes
configure:10060: checking for X11/XKBlib.h
configure:10060: result: yes
configure:10075: checking tiffio.h usability
configure:10075: gcc -c -O2  -pthread -Wno-deprecated-declarations -Wall  conftest.c >&5
configure:10075: $? = 0
configure:10075: result: yes
configure:10075: checking tiffio.h presence
configure:10075: gcc -E  conftest.c
configure:10075: $? = 0
configure:10075: result: yes
configure:10075: checking for tiffio.h
configure:10075: result: yes
configure:10094: checking for size_t
configure:10094: g++ -c -O2  -fexceptions -fsigned-char -fno-check-new -Wno-deprecated -Wno-deprecated-declarations -pthread -Wall -std=c++11  conftest.cpp >&5
configure:10094: $? = 0
configure:10094: g++ -c -O2  -fexceptions -fsigned-char -fno-check-new -Wno-deprecated -Wno-deprecated-declarations -pthread -Wall -std=c++11  conftest.cpp >&5
conftest.cpp: In function 'int main()':
conftest.cpp:61:20: error: expected primary-expression before ')' token
 if (sizeof ((size_t)))
                    ^
configure:10094: $? = 1
configure: failed program was:
| /* confdefs.h */
| #define PACKAGE_NAME "efax-gtk"
| #define PACKAGE_TARNAME "efax-gtk"
| #define PACKAGE_VERSION "3.2.13"
| #define PACKAGE_STRING "efax-gtk 3.2.13"
| #define PACKAGE_BUGREPORT ""
| #define PACKAGE_URL ""
| #define PACKAGE "efax-gtk"
| #define VERSION "3.2.13"
| #define HAVE_CXX_GTK_UTILS_22 1
| #define STDC_HEADERS 1
| #define HAVE_SYS_TYPES_H 1
| #define HAVE_SYS_STAT_H 1
| #define HAVE_STDLIB_H 1
| #define HAVE_STRING_H 1
| #define HAVE_MEMORY_H 1
| #define HAVE_STRINGS_H 1
| #define HAVE_INTTYPES_H 1
| #define HAVE_STDINT_H 1
| #define HAVE_UNISTD_H 1
| #define HAVE_X11_XLIB_H 1
| #define HAVE_X11_XKBLIB_H 1
| #define HAVE_TIFFIO_H 1
| /* end confdefs.h.  */
| #include <stdio.h>
| #ifdef HAVE_SYS_TYPES_H
| # include <sys/types.h>
| #endif
| #ifdef HAVE_SYS_STAT_H
| # include <sys/stat.h>
| #endif
| #ifdef STDC_HEADERS
| # include <stdlib.h>
| # include <stddef.h>
| #else
| # ifdef HAVE_STDLIB_H
| #  include <stdlib.h>
| # endif
| #endif
| #ifdef HAVE_STRING_H
| # if !defined STDC_HEADERS && defined HAVE_MEMORY_H
| #  include <memory.h>
| # endif
| # include <string.h>
| #endif
| #ifdef HAVE_STRINGS_H
| # include <strings.h>
| #endif
| #ifdef HAVE_INTTYPES_H
| # include <inttypes.h>
| #endif
| #ifdef HAVE_STDINT_H
| # include <stdint.h>
| #endif
| #ifdef HAVE_UNISTD_H
| # include <unistd.h>
| #endif
| int
| main ()
| {
| if (sizeof ((size_t)))
| 	    return 0;
|   ;
|   return 0;
| }
configure:10094: result: yes
configure:10105: checking for ssize_t
configure:10105: g++ -c -O2  -fexceptions -fsigned-char -fno-check-new -Wno-deprecated -Wno-deprecated-declarations -pthread -Wall -std=c++11  conftest.cpp >&5
configure:10105: $? = 0
configure:10105: g++ -c -O2  -fexceptions -fsigned-char -fno-check-new -Wno-deprecated -Wno-deprecated-declarations -pthread -Wall -std=c++11  conftest.cpp >&5
conftest.cpp: In function 'int main()':
conftest.cpp:61:21: error: expected primary-expression before ')' token
 if (sizeof ((ssize_t)))
                     ^
configure:10105: $? = 1
configure: failed program was:
| /* confdefs.h */
| #define PACKAGE_NAME "efax-gtk"
| #define PACKAGE_TARNAME "efax-gtk"
| #define PACKAGE_VERSION "3.2.13"
| #define PACKAGE_STRING "efax-gtk 3.2.13"
| #define PACKAGE_BUGREPORT ""
| #define PACKAGE_URL ""
| #define PACKAGE "efax-gtk"
| #define VERSION "3.2.13"
| #define HAVE_CXX_GTK_UTILS_22 1
| #define STDC_HEADERS 1
| #define HAVE_SYS_TYPES_H 1
| #define HAVE_SYS_STAT_H 1
| #define HAVE_STDLIB_H 1
| #define HAVE_STRING_H 1
| #define HAVE_MEMORY_H 1
| #define HAVE_STRINGS_H 1
| #define HAVE_INTTYPES_H 1
| #define HAVE_STDINT_H 1
| #define HAVE_UNISTD_H 1
| #define HAVE_X11_XLIB_H 1
| #define HAVE_X11_XKBLIB_H 1
| #define HAVE_TIFFIO_H 1
| /* end confdefs.h.  */
| #include <stdio.h>
| #ifdef HAVE_SYS_TYPES_H
| # include <sys/types.h>
| #endif
| #ifdef HAVE_SYS_STAT_H
| # include <sys/stat.h>
| #endif
| #ifdef STDC_HEADERS
| # include <stdlib.h>
| # include <stddef.h>
| #else
| # ifdef HAVE_STDLIB_H
| #  include <stdlib.h>
| # endif
| #endif
| #ifdef HAVE_STRING_H
| # if !defined STDC_HEADERS && defined HAVE_MEMORY_H
| #  include <memory.h>
| # endif
| # include <string.h>
| #endif
| #ifdef HAVE_STRINGS_H
| # include <strings.h>
| #endif
| #ifdef HAVE_INTTYPES_H
| # include <inttypes.h>
| #endif
| #ifdef HAVE_STDINT_H
| # include <stdint.h>
| #endif
| #ifdef HAVE_UNISTD_H
| # include <unistd.h>
| #endif
| int
| main ()
| {
| if (sizeof ((ssize_t)))
| 	    return 0;
|   ;
|   return 0;
| }
configure:10105: result: yes
configure:10113: checking for socklen_t
configure:10113: g++ -c -O2  -fexceptions -fsigned-char -fno-check-new -Wno-deprecated -Wno-deprecated-declarations -pthread -Wall -std=c++11  conftest.cpp >&5
configure:10113: $? = 0
configure:10113: g++ -c -O2  -fexceptions -fsigned-char -fno-check-new -Wno-deprecated -Wno-deprecated-declarations -pthread -Wall -std=c++11  conftest.cpp >&5
conftest.cpp: In function 'int main()':
conftest.cpp:35:23: error: expected primary-expression before ')' token
 if (sizeof ((socklen_t)))
                       ^
configure:10113: $? = 1
configure: failed program was:
| /* confdefs.h */
| #define PACKAGE_NAME "efax-gtk"
| #define PACKAGE_TARNAME "efax-gtk"
| #define PACKAGE_VERSION "3.2.13"
| #define PACKAGE_STRING "efax-gtk 3.2.13"
| #define PACKAGE_BUGREPORT ""
| #define PACKAGE_URL ""
| #define PACKAGE "efax-gtk"
| #define VERSION "3.2.13"
| #define HAVE_CXX_GTK_UTILS_22 1
| #define STDC_HEADERS 1
| #define HAVE_SYS_TYPES_H 1
| #define HAVE_SYS_STAT_H 1
| #define HAVE_STDLIB_H 1
| #define HAVE_STRING_H 1
| #define HAVE_MEMORY_H 1
| #define HAVE_STRINGS_H 1
| #define HAVE_INTTYPES_H 1
| #define HAVE_STDINT_H 1
| #define HAVE_UNISTD_H 1
| #define HAVE_X11_XLIB_H 1
| #define HAVE_X11_XKBLIB_H 1
| #define HAVE_TIFFIO_H 1
| /* end confdefs.h.  */
| 
| #include <unistd.h>
| #include <sys/types.h>
| #include <sys/socket.h>
| #include <netdb.h>
| 
| 
| int
| main ()
| {
| if (sizeof ((socklen_t)))
| 	    return 0;
|   ;
|   return 0;
| }
configure:10113: result: yes
configure:10131: checking for in_addr_t
configure:10131: g++ -c -O2  -fexceptions -fsigned-char -fno-check-new -Wno-deprecated -Wno-deprecated-declarations -pthread -Wall -std=c++11  conftest.cpp >&5
configure:10131: $? = 0
configure:10131: g++ -c -O2  -fexceptions -fsigned-char -fno-check-new -Wno-deprecated -Wno-deprecated-declarations -pthread -Wall -std=c++11  conftest.cpp >&5
conftest.cpp: In function 'int main()':
conftest.cpp:36:23: error: expected primary-expression before ')' token
 if (sizeof ((in_addr_t)))
                       ^
configure:10131: $? = 1
configure: failed program was:
| /* confdefs.h */
| #define PACKAGE_NAME "efax-gtk"
| #define PACKAGE_TARNAME "efax-gtk"
| #define PACKAGE_VERSION "3.2.13"
| #define PACKAGE_STRING "efax-gtk 3.2.13"
| #define PACKAGE_BUGREPORT ""
| #define PACKAGE_URL ""
| #define PACKAGE "efax-gtk"
| #define VERSION "3.2.13"
| #define HAVE_CXX_GTK_UTILS_22 1
| #define STDC_HEADERS 1
| #define HAVE_SYS_TYPES_H 1
| #define HAVE_SYS_STAT_H 1
| #define HAVE_STDLIB_H 1
| #define HAVE_STRING_H 1
| #define HAVE_MEMORY_H 1
| #define HAVE_STRINGS_H 1
| #define HAVE_INTTYPES_H 1
| #define HAVE_STDINT_H 1
| #define HAVE_UNISTD_H 1
| #define HAVE_X11_XLIB_H 1
| #define HAVE_X11_XKBLIB_H 1
| #define HAVE_TIFFIO_H 1
| #define HAVE_SOCKLEN_T 1
| /* end confdefs.h.  */
| 
| #include <unistd.h>
| #include <sys/types.h>
| #include <netinet/in.h>
| #include <netdb.h>
| 
| 
| int
| main ()
| {
| if (sizeof ((in_addr_t)))
| 	    return 0;
|   ;
|   return 0;
| }
configure:10131: result: yes
configure:10152: checking size of wchar_t
configure:10157: g++ -o conftest -O2  -fexceptions -fsigned-char -fno-check-new -Wno-deprecated -Wno-deprecated-declarations -pthread -Wall -std=c++11  -s conftest.cpp  >&5
configure:10157: $? = 0
configure:10157: ./conftest
configure:10157: $? = 0
configure:10171: result: 4
configure:10190: checking whether NLS is requested
configure:10199: result: yes
configure:10240: checking for msgfmt
configure: trying /usr/bin/msgfmt...
0 translated messages.
configure:10272: result: /usr/bin/msgfmt
configure:10281: checking for gmsgfmt
configure:10312: result: /usr/bin/msgfmt
configure:10363: checking for xgettext
configure: trying /usr/bin/xgettext...
/usr/bin/xgettext: warning: file '/dev/null' extension '' is unknown; will try C
configure:10395: result: /usr/bin/xgettext
configure:10441: checking for msgmerge
configure: trying /usr/bin/msgmerge...
configure:10472: result: /usr/bin/msgmerge
configure:10509: checking build system type
configure:10523: result: x86_64-unknown-linux-gnu
configure:10543: checking host system type
configure:10556: result: x86_64-unknown-linux-gnu
configure:10600: checking for ld used by GCC
configure:10664: result: /usr/x86_64-suse-linux/bin/ld
configure:10671: checking if the linker (/usr/x86_64-suse-linux/bin/ld) is GNU ld
configure:10684: result: yes
configure:10691: checking for shared library run path origin
configure:10704: result: done
configure:11277: checking for CFPreferencesCopyAppValue
configure:11295: g++ -o conftest -O2  -fexceptions -fsigned-char -fno-check-new -Wno-deprecated -Wno-deprecated-declarations -pthread -Wall -std=c++11  -s conftest.cpp  -Wl,-framework -Wl,CoreFoundation >&5
conftest.cpp:28:10: fatal error: CoreFoundation/CFPreferences.h: No such file or directory
 #include <CoreFoundation/CFPreferences.h>
          ^~~~~~~~~~~~~~~~~~~~~~~~~~~~~~~~
compilation terminated.
configure:11295: $? = 1
configure: failed program was:
| /* confdefs.h */
| #define PACKAGE_NAME "efax-gtk"
| #define PACKAGE_TARNAME "efax-gtk"
| #define PACKAGE_VERSION "3.2.13"
| #define PACKAGE_STRING "efax-gtk 3.2.13"
| #define PACKAGE_BUGREPORT ""
| #define PACKAGE_URL ""
| #define PACKAGE "efax-gtk"
| #define VERSION "3.2.13"
| #define HAVE_CXX_GTK_UTILS_22 1
| #define STDC_HEADERS 1
| #define HAVE_SYS_TYPES_H 1
| #define HAVE_SYS_STAT_H 1
| #define HAVE_STDLIB_H 1
| #define HAVE_STRING_H 1
| #define HAVE_MEMORY_H 1
| #define HAVE_STRINGS_H 1
| #define HAVE_INTTYPES_H 1
| #define HAVE_STDINT_H 1
| #define HAVE_UNISTD_H 1
| #define HAVE_X11_XLIB_H 1
| #define HAVE_X11_XKBLIB_H 1
| #define HAVE_TIFFIO_H 1
| #define HAVE_SOCKLEN_T 1
| #define HAVE_IN_ADDR_T 1
| #define SIZEOF_WCHAR_T 4
| /* end confdefs.h.  */
| #include <CoreFoundation/CFPreferences.h>
| int
| main ()
| {
| CFPreferencesCopyAppValue(NULL, NULL)
|   ;
|   return 0;
| }
configure:11304: result: no
configure:11311: checking for CFLocaleCopyCurrent
configure:11329: g++ -o conftest -O2  -fexceptions -fsigned-char -fno-check-new -Wno-deprecated -Wno-deprecated-declarations -pthread -Wall -std=c++11  -s conftest.cpp  -Wl,-framework -Wl,CoreFoundation >&5
conftest.cpp:28:10: fatal error: CoreFoundation/CFLocale.h: No such file or directory
 #include <CoreFoundation/CFLocale.h>
          ^~~~~~~~~~~~~~~~~~~~~~~~~~~
compilation terminated.
configure:11329: $? = 1
configure: failed program was:
| /* confdefs.h */
| #define PACKAGE_NAME "efax-gtk"
| #define PACKAGE_TARNAME "efax-gtk"
| #define PACKAGE_VERSION "3.2.13"
| #define PACKAGE_STRING "efax-gtk 3.2.13"
| #define PACKAGE_BUGREPORT ""
| #define PACKAGE_URL ""
| #define PACKAGE "efax-gtk"
| #define VERSION "3.2.13"
| #define HAVE_CXX_GTK_UTILS_22 1
| #define STDC_HEADERS 1
| #define HAVE_SYS_TYPES_H 1
| #define HAVE_SYS_STAT_H 1
| #define HAVE_STDLIB_H 1
| #define HAVE_STRING_H 1
| #define HAVE_MEMORY_H 1
| #define HAVE_STRINGS_H 1
| #define HAVE_INTTYPES_H 1
| #define HAVE_STDINT_H 1
| #define HAVE_UNISTD_H 1
| #define HAVE_X11_XLIB_H 1
| #define HAVE_X11_XKBLIB_H 1
| #define HAVE_TIFFIO_H 1
| #define HAVE_SOCKLEN_T 1
| #define HAVE_IN_ADDR_T 1
| #define SIZEOF_WCHAR_T 4
| /* end confdefs.h.  */
| #include <CoreFoundation/CFLocale.h>
| int
| main ()
| {
| CFLocaleCopyCurrent();
|   ;
|   return 0;
| }
configure:11338: result: no
configure:11387: checking for GNU gettext in libc
configure:11407: g++ -o conftest -O2  -fexceptions -fsigned-char -fno-check-new -Wno-deprecated -Wno-deprecated-declarations -pthread -Wall -std=c++11  -s conftest.cpp  >&5
configure:11407: $? = 0
configure:11416: result: yes
configure:12207: checking whether to use NLS
configure:12209: result: yes
configure:12212: checking where the gettext function comes from
configure:12223: result: libc
configure:12296: checking for mkstemp
configure:12296: gcc -o conftest    conftest.c  >&5
configure:12296: $? = 0
configure:12296: result: yes
configure:12312: checking for fstream ios::nocreate flag
configure:12341: g++ -c -O2  -fexceptions -fsigned-char -fno-check-new -Wno-deprecated -Wno-deprecated-declarations -pthread -Wall -std=c++11  conftest.cpp >&5
conftest.cpp: In function 'int main()':
conftest.cpp:40:65: error: 'nocreate' is not a member of 'std::ios {aka std::basic_ios<char>}'
         std::fstream strm("dummy.txt", std::ios::in | std::ios::nocreate);
                                                                 ^~~~~~~~
configure:12341: $? = 1
configure: failed program was:
| /* confdefs.h */
| #define PACKAGE_NAME "efax-gtk"
| #define PACKAGE_TARNAME "efax-gtk"
| #define PACKAGE_VERSION "3.2.13"
| #define PACKAGE_STRING "efax-gtk 3.2.13"
| #define PACKAGE_BUGREPORT ""
| #define PACKAGE_URL ""
| #define PACKAGE "efax-gtk"
| #define VERSION "3.2.13"
| #define HAVE_CXX_GTK_UTILS_22 1
| #define STDC_HEADERS 1
| #define HAVE_SYS_TYPES_H 1
| #define HAVE_SYS_STAT_H 1
| #define HAVE_STDLIB_H 1
| #define HAVE_STRING_H 1
| #define HAVE_MEMORY_H 1
| #define HAVE_STRINGS_H 1
| #define HAVE_INTTYPES_H 1
| #define HAVE_STDINT_H 1
| #define HAVE_UNISTD_H 1
| #define HAVE_X11_XLIB_H 1
| #define HAVE_X11_XKBLIB_H 1
| #define HAVE_TIFFIO_H 1
| #define HAVE_SOCKLEN_T 1
| #define HAVE_IN_ADDR_T 1
| #define SIZEOF_WCHAR_T 4
| #define ENABLE_NLS 1
| #define HAVE_GETTEXT 1
| #define HAVE_DCGETTEXT 1
| #define HAVE_MKSTEMP 1
| /* end confdefs.h.  */
| 
| 
| #include <fstream>
| 
| int
| main ()
| {
| 
|         std::fstream strm("dummy.txt", std::ios::in | std::ios::nocreate);
| 
|   ;
|   return 0;
| }
| 
configure:12350: result: no
configure:12359: checking whether streams may have a locale imbued
configure:12389: g++ -c -O2  -fexceptions -fsigned-char -fno-check-new -Wno-deprecated -Wno-deprecated-declarations -pthread -Wall -std=c++11  conftest.cpp >&5
configure:12389: $? = 0
configure:12398: result: yes
configure:12412: checking ostream usability
configure:12412: g++ -c -O2  -fexceptions -fsigned-char -fno-check-new -Wno-deprecated -Wno-deprecated-declarations -pthread -Wall -std=c++11  conftest.cpp >&5
configure:12412: $? = 0
configure:12412: result: yes
configure:12412: checking ostream presence
configure:12412: g++ -E  conftest.cpp
configure:12412: $? = 0
configure:12412: result: yes
configure:12412: checking for ostream
configure:12412: result: yes
configure:12412: checking istream usability
configure:12412: g++ -c -O2  -fexceptions -fsigned-char -fno-check-new -Wno-deprecated -Wno-deprecated-declarations -pthread -Wall -std=c++11  conftest.cpp >&5
configure:12412: $? = 0
configure:12412: result: yes
configure:12412: checking istream presence
configure:12412: g++ -E  conftest.cpp
configure:12412: $? = 0
configure:12412: result: yes
configure:12412: checking for istream
configure:12412: result: yes
configure:12412: checking iostream usability
configure:12412: g++ -c -O2  -fexceptions -fsigned-char -fno-check-new -Wno-deprecated -Wno-deprecated-declarations -pthread -Wall -std=c++11  conftest.cpp >&5
configure:12412: $? = 0
configure:12412: result: yes
configure:12412: checking iostream presence
configure:12412: g++ -E  conftest.cpp
configure:12412: $? = 0
configure:12412: result: yes
configure:12412: checking for iostream
configure:12412: result: yes
configure:12412: checking sstream usability
configure:12412: g++ -c -O2  -fexceptions -fsigned-char -fno-check-new -Wno-deprecated -Wno-deprecated-declarations -pthread -Wall -std=c++11  conftest.cpp >&5
configure:12412: $? = 0
configure:12412: result: yes
configure:12412: checking sstream presence
configure:12412: g++ -E  conftest.cpp
configure:12412: $? = 0
configure:12412: result: yes
configure:12412: checking for sstream
configure:12412: result: yes
configure:12412: checking vector usability
configure:12412: g++ -c -O2  -fexceptions -fsigned-char -fno-check-new -Wno-deprecated -Wno-deprecated-declarations -pthread -Wall -std=c++11  conftest.cpp >&5
configure:12412: $? = 0
configure:12412: result: yes
configure:12412: checking vector presence
configure:12412: g++ -E  conftest.cpp
configure:12412: $? = 0
configure:12412: result: yes
configure:12412: checking for vector
configure:12412: result: yes
configure:12412: checking string usability
configure:12412: g++ -c -O2  -fexceptions -fsigned-char -fno-check-new -Wno-deprecated -Wno-deprecated-declarations -pthread -Wall -std=c++11  conftest.cpp >&5
configure:12412: $? = 0
configure:12412: result: yes
configure:12412: checking string presence
configure:12412: g++ -E  conftest.cpp
configure:12412: $? = 0
configure:12412: result: yes
configure:12412: checking for string
configure:12412: result: yes
configure:12412: checking fstream usability
configure:12412: g++ -c -O2  -fexceptions -fsigned-char -fno-check-new -Wno-deprecated -Wno-deprecated-declarations -pthread -Wall -std=c++11  conftest.cpp >&5
configure:12412: $? = 0
configure:12412: result: yes
configure:12412: checking fstream presence
configure:12412: g++ -E  conftest.cpp
configure:12412: $? = 0
configure:12412: result: yes
configure:12412: checking for fstream
configure:12412: result: yes
configure:12412: checking ios usability
configure:12412: g++ -c -O2  -fexceptions -fsigned-char -fno-check-new -Wno-deprecated -Wno-deprecated-declarations -pthread -Wall -std=c++11  conftest.cpp >&5
configure:12412: $? = 0
configure:12412: result: yes
configure:12412: checking ios presence
configure:12412: g++ -E  conftest.cpp
configure:12412: $? = 0
configure:12412: result: yes
configure:12412: checking for ios
configure:12412: result: yes
configure:12412: checking utility usability
configure:12412: g++ -c -O2  -fexceptions -fsigned-char -fno-check-new -Wno-deprecated -Wno-deprecated-declarations -pthread -Wall -std=c++11  conftest.cpp >&5
configure:12412: $? = 0
configure:12412: result: yes
configure:12412: checking utility presence
configure:12412: g++ -E  conftest.cpp
configure:12412: $? = 0
configure:12412: result: yes
configure:12412: checking for utility
configure:12412: result: yes
configure:12412: checking algorithm usability
configure:12412: g++ -c -O2  -fexceptions -fsigned-char -fno-check-new -Wno-deprecated -Wno-deprecated-declarations -pthread -Wall -std=c++11  conftest.cpp >&5
configure:12412: $? = 0
configure:12412: result: yes
configure:12412: checking algorithm presence
configure:12412: g++ -E  conftest.cpp
configure:12412: $? = 0
configure:12412: result: yes
configure:12412: checking for algorithm
configure:12412: result: yes
configure:12412: checking cstdlib usability
configure:12412: g++ -c -O2  -fexceptions -fsigned-char -fno-check-new -Wno-deprecated -Wno-deprecated-declarations -pthread -Wall -std=c++11  conftest.cpp >&5
configure:12412: $? = 0
configure:12412: result: yes
configure:12412: checking cstdlib presence
configure:12412: g++ -E  conftest.cpp
configure:12412: $? = 0
configure:12412: result: yes
configure:12412: checking for cstdlib
configure:12412: result: yes
configure:12412: checking cstring usability
configure:12412: g++ -c -O2  -fexceptions -fsigned-char -fno-check-new -Wno-deprecated -Wno-deprecated-declarations -pthread -Wall -std=c++11  conftest.cpp >&5
configure:12412: $? = 0
configure:12412: result: yes
configure:12412: checking cstring presence
configure:12412: g++ -E  conftest.cpp
configure:12412: $? = 0
configure:12412: result: yes
configure:12412: checking for cstring
configure:12412: result: yes
configure:12412: checking list usability
configure:12412: g++ -c -O2  -fexceptions -fsigned-char -fno-check-new -Wno-deprecated -Wno-deprecated-declarations -pthread -Wall -std=c++11  conftest.cpp >&5
configure:12412: $? = 0
configure:12412: result: yes
configure:12412: checking list presence
configure:12412: g++ -E  conftest.cpp
configure:12412: $? = 0
configure:12412: result: yes
configure:12412: checking for list
configure:12412: result: yes
configure:12412: checking iomanip usability
configure:12412: g++ -c -O2  -fexceptions -fsigned-char -fno-check-new -Wno-deprecated -Wno-deprecated-declarations -pthread -Wall -std=c++11  conftest.cpp >&5
configure:12412: $? = 0
configure:12412: result: yes
configure:12412: checking iomanip presence
configure:12412: g++ -E  conftest.cpp
configure:12412: $? = 0
configure:12412: result: yes
configure:12412: checking for iomanip
configure:12412: result: yes
configure:12412: checking set usability
configure:12412: g++ -c -O2  -fexceptions -fsigned-char -fno-check-new -Wno-deprecated -Wno-deprecated-declarations -pthread -Wall -std=c++11  conftest.cpp >&5
configure:12412: $? = 0
configure:12412: result: yes
configure:12412: checking set presence
configure:12412: g++ -E  conftest.cpp
configure:12412: $? = 0
configure:12412: result: yes
configure:12412: checking for set
configure:12412: result: yes
configure:12412: checking map usability
configure:12412: g++ -c -O2  -fexceptions -fsigned-char -fno-check-new -Wno-deprecated -Wno-deprecated-declarations -pthread -Wall -std=c++11  conftest.cpp >&5
configure:12412: $? = 0
configure:12412: result: yes
configure:12412: checking map presence
configure:12412: g++ -E  conftest.cpp
configure:12412: $? = 0
configure:12412: result: yes
configure:12412: checking for map
configure:12412: result: yes
configure:12412: checking memory usability
configure:12412: g++ -c -O2  -fexceptions -fsigned-char -fno-check-new -Wno-deprecated -Wno-deprecated-declarations -pthread -Wall -std=c++11  conftest.cpp >&5
configure:12412: $? = 0
configure:12412: result: yes
configure:12412: checking memory presence
configure:12412: g++ -E  conftest.cpp
configure:12412: $? = 0
configure:12412: result: yes
configure:12412: checking for memory
configure:12412: result: yes
configure:12412: checking ctime usability
configure:12412: g++ -c -O2  -fexceptions -fsigned-char -fno-check-new -Wno-deprecated -Wno-deprecated-declarations -pthread -Wall -std=c++11  conftest.cpp >&5
configure:12412: $? = 0
configure:12412: result: yes
configure:12412: checking ctime presence
configure:12412: g++ -E  conftest.cpp
configure:12412: $? = 0
configure:12412: result: yes
configure:12412: checking for ctime
configure:12412: result: yes
configure:12412: checking cmath usability
configure:12412: g++ -c -O2  -fexceptions -fsigned-char -fno-check-new -Wno-deprecated -Wno-deprecated-declarations -pthread -Wall -std=c++11  conftest.cpp >&5
configure:12412: $? = 0
configure:12412: result: yes
configure:12412: checking cmath presence
configure:12412: g++ -E  conftest.cpp
configure:12412: $? = 0
configure:12412: result: yes
configure:12412: checking for cmath
configure:12412: result: yes
configure:12412: checking functional usability
configure:12412: g++ -c -O2  -fexceptions -fsigned-char -fno-check-new -Wno-deprecated -Wno-deprecated-declarations -pthread -Wall -std=c++11  conftest.cpp >&5
configure:12412: $? = 0
configure:12412: result: yes
configure:12412: checking functional presence
configure:12412: g++ -E  conftest.cpp
configure:12412: $? = 0
configure:12412: result: yes
configure:12412: checking for functional
configure:12412: result: yes
configure:12412: checking iterator usability
configure:12412: g++ -c -O2  -fexceptions -fsigned-char -fno-check-new -Wno-deprecated -Wno-deprecated-declarations -pthread -Wall -std=c++11  conftest.cpp >&5
configure:12412: $? = 0
configure:12412: result: yes
configure:12412: checking iterator presence
configure:12412: g++ -E  conftest.cpp
configure:12412: $? = 0
configure:12412: result: yes
configure:12412: checking for iterator
configure:12412: result: yes
configure:12412: checking locale usability
configure:12412: g++ -c -O2  -fexceptions -fsigned-char -fno-check-new -Wno-deprecated -Wno-deprecated-declarations -pthread -Wall -std=c++11  conftest.cpp >&5
configure:12412: $? = 0
configure:12412: result: yes
configure:12412: checking locale presence
configure:12412: g++ -E  conftest.cpp
configure:12412: $? = 0
configure:12412: result: yes
configure:12412: checking for locale
configure:12412: result: yes
configure:12412: checking exception usability
configure:12412: g++ -c -O2  -fexceptions -fsigned-char -fno-check-new -Wno-deprecated -Wno-deprecated-declarations -pthread -Wall -std=c++11  conftest.cpp >&5
configure:12412: $? = 0
configure:12412: result: yes
configure:12412: checking exception presence
configure:12412: g++ -E  conftest.cpp
configure:12412: $? = 0
configure:12412: result: yes
configure:12412: checking for exception
configure:12412: result: yes
configure:12430: checking for unistd.h
configure:12430: result: yes
configure:12430: checking for stdlib.h
configure:12430: result: yes
configure:12430: checking limits.h usability
configure:12430: g++ -c -O2  -fexceptions -fsigned-char -fno-check-new -Wno-deprecated -Wno-deprecated-declarations -pthread -Wall -std=c++11  conftest.cpp >&5
configure:12430: $? = 0
configure:12430: result: yes
configure:12430: checking limits.h presence
configure:12430: g++ -E  conftest.cpp
configure:12430: $? = 0
configure:12430: result: yes
configure:12430: checking for limits.h
configure:12430: result: yes
configure:12430: checking signal.h usability
configure:12430: g++ -c -O2  -fexceptions -fsigned-char -fno-check-new -Wno-deprecated -Wno-deprecated-declarations -pthread -Wall -std=c++11  conftest.cpp >&5
configure:12430: $? = 0
configure:12430: result: yes
configure:12430: checking signal.h presence
configure:12430: g++ -E  conftest.cpp
configure:12430: $? = 0
configure:12430: result: yes
configure:12430: checking for signal.h
configure:12430: result: yes
configure:12430: checking dirent.h usability
configure:12430: g++ -c -O2  -fexceptions -fsigned-char -fno-check-new -Wno-deprecated -Wno-deprecated-declarations -pthread -Wall -std=c++11  conftest.cpp >&5
configure:12430: $? = 0
configure:12430: result: yes
configure:12430: checking dirent.h presence
configure:12430: g++ -E  conftest.cpp
configure:12430: $? = 0
configure:12430: result: yes
configure:12430: checking for dirent.h
configure:12430: result: yes
configure:12430: checking fcntl.h usability
configure:12430: g++ -c -O2  -fexceptions -fsigned-char -fno-check-new -Wno-deprecated -Wno-deprecated-declarations -pthread -Wall -std=c++11  conftest.cpp >&5
configure:12430: $? = 0
configure:12430: result: yes
configure:12430: checking fcntl.h presence
configure:12430: g++ -E  conftest.cpp
configure:12430: $? = 0
configure:12430: result: yes
configure:12430: checking for fcntl.h
configure:12430: result: yes
configure:12430: checking errno.h usability
configure:12430: g++ -c -O2  -fexceptions -fsigned-char -fno-check-new -Wno-deprecated -Wno-deprecated-declarations -pthread -Wall -std=c++11  conftest.cpp >&5
configure:12430: $? = 0
configure:12430: result: yes
configure:12430: checking errno.h presence
configure:12430: g++ -E  conftest.cpp
configure:12430: $? = 0
configure:12430: result: yes
configure:12430: checking for errno.h
configure:12430: result: yes
configure:12430: checking netdb.h usability
configure:12430: g++ -c -O2  -fexceptions -fsigned-char -fno-check-new -Wno-deprecated -Wno-deprecated-declarations -pthread -Wall -std=c++11  conftest.cpp >&5
configure:12430: $? = 0
configure:12430: result: yes
configure:12430: checking netdb.h presence
configure:12430: g++ -E  conftest.cpp
configure:12430: $? = 0
configure:12430: result: yes
configure:12430: checking for netdb.h
configure:12430: result: yes
configure:12430: checking pthread.h usability
configure:12430: g++ -c -O2  -fexceptions -fsigned-char -fno-check-new -Wno-deprecated -Wno-deprecated-declarations -pthread -Wall -std=c++11  conftest.cpp >&5
configure:12430: $? = 0
configure:12430: result: yes
configure:12430: checking pthread.h presence
configure:12430: g++ -E  conftest.cpp
configure:12430: $? = 0
configure:12430: result: yes
configure:12430: checking for pthread.h
configure:12430: result: yes
configure:12430: checking for sys/types.h
configure:12430: result: yes
configure:12430: checking for sys/stat.h
configure:12430: result: yes
configure:12430: checking sys/wait.h usability
configure:12430: g++ -c -O2  -fexceptions -fsigned-char -fno-check-new -Wno-deprecated -Wno-deprecated-declarations -pthread -Wall -std=c++11  conftest.cpp >&5
configure:12430: $? = 0
configure:12430: result: yes
configure:12430: checking sys/wait.h presence
configure:12430: g++ -E  conftest.cpp
configure:12430: $? = 0
configure:12430: result: yes
configure:12430: checking for sys/wait.h
configure:12430: result: yes
configure:12430: checking sys/socket.h usability
configure:12430: g++ -c -O2  -fexceptions -fsigned-char -fno-check-new -Wno-deprecated -Wno-deprecated-declarations -pthread -Wall -std=c++11  conftest.cpp >&5
configure:12430: $? = 0
configure:12430: result: yes
configure:12430: checking sys/socket.h presence
configure:12430: g++ -E  conftest.cpp
configure:12430: $? = 0
configure:12430: result: yes
configure:12430: checking for sys/socket.h
configure:12430: result: yes
configure:12430: checking netinet/in.h usability
configure:12430: g++ -c -O2  -fexceptions -fsigned-char -fno-check-new -Wno-deprecated -Wno-deprecated-declarations -pthread -Wall -std=c++11  conftest.cpp >&5
configure:12430: $? = 0
configure:12430: result: yes
configure:12430: checking netinet/in.h presence
configure:12430: g++ -E  conftest.cpp
configure:12430: $? = 0
configure:12430: result: yes
configure:12430: checking for netinet/in.h
configure:12430: result: yes
configure:12430: checking arpa/inet.h usability
configure:12430: g++ -c -O2  -fexceptions -fsigned-char -fno-check-new -Wno-deprecated -Wno-deprecated-declarations -pthread -Wall -std=c++11  conftest.cpp >&5
configure:12430: $? = 0
configure:12430: result: yes
configure:12430: checking arpa/inet.h presence
configure:12430: g++ -E  conftest.cpp
configure:12430: $? = 0
configure:12430: result: yes
configure:12430: checking for arpa/inet.h
configure:12430: result: yes
configure:12444: checking the fax spool directory
configure:12457: result: SPOOLDIR is /var/spool/fax
configure:12506: checking for ranlib
configure:12522: found /usr/bin/ranlib
configure:12533: result: ranlib
configure:12556: checking whether make sets $(MAKE)
configure:12578: result: yes
configure:12700: checking that generated files are newer than configure
configure:12706: result: done
configure:12733: creating ./config.status

## ---------------------- ##
## Running config.status. ##
## ---------------------- ##

This file was extended by efax-gtk config.status 3.2.13, which was
generated by GNU Autoconf 2.69.  Invocation command line was

  CONFIG_FILES    = 
  CONFIG_HEADERS  = 
  CONFIG_LINKS    = 
  CONFIG_COMMANDS = 
  $ ./config.status 

on linux-fc4y

config.status:974: creating Makefile
config.status:974: creating src/Makefile
config.status:974: creating efax/Makefile
config.status:974: creating po/Makefile.in
config.status:974: creating efax-gtk-faxfilter/Makefile
config.status:974: creating src/utils/Makefile
config.status:974: creating efax-gtk.spec
config.status:974: creating config.h
config.status:1203: executing depfiles commands
config.status:1203: executing po-directories commands

## ---------------- ##
## Cache variables. ##
## ---------------- ##

ac_cv_build=x86_64-unknown-linux-gnu
ac_cv_c_compiler_gnu=yes
ac_cv_cxx_compiler_gnu=yes
ac_cv_env_CCC_set=
ac_cv_env_CCC_value=
ac_cv_env_CC_set=
ac_cv_env_CC_value=
ac_cv_env_CFLAGS_set=
ac_cv_env_CFLAGS_value=
ac_cv_env_CPPFLAGS_set=
ac_cv_env_CPPFLAGS_value=
ac_cv_env_CPP_set=
ac_cv_env_CPP_value=
ac_cv_env_CXXCPP_set=
ac_cv_env_CXXCPP_value=
ac_cv_env_CXXFLAGS_set=
ac_cv_env_CXXFLAGS_value=
ac_cv_env_CXX_set=
ac_cv_env_CXX_value=
ac_cv_env_LDFLAGS_set=
ac_cv_env_LDFLAGS_value=
ac_cv_env_LIBS_set=
ac_cv_env_LIBS_value=
ac_cv_env_build_alias_set=
ac_cv_env_build_alias_value=
ac_cv_env_host_alias_set=
ac_cv_env_host_alias_value=
ac_cv_env_target_alias_set=
ac_cv_env_target_alias_value=
ac_cv_func_mkstemp=yes
ac_cv_have_ios_nocreate=no
ac_cv_have_stream_imbue=yes
ac_cv_header_X11_XKBlib_h=yes
ac_cv_header_X11_Xlib_h=yes
ac_cv_header_algorithm=yes
ac_cv_header_arpa_inet_h=yes
ac_cv_header_cmath=yes
ac_cv_header_cstdlib=yes
ac_cv_header_cstring=yes
ac_cv_header_ctime=yes
ac_cv_header_dirent_h=yes
ac_cv_header_errno_h=yes
ac_cv_header_exception=yes
ac_cv_header_fcntl_h=yes
ac_cv_header_fstream=yes
ac_cv_header_functional=yes
ac_cv_header_inttypes_h=yes
ac_cv_header_iomanip=yes
ac_cv_header_ios=yes
ac_cv_header_iostream=yes
ac_cv_header_istream=yes
ac_cv_header_iterator=yes
ac_cv_header_limits_h=yes
ac_cv_header_list=yes
ac_cv_header_locale=yes
ac_cv_header_map=yes
ac_cv_header_memory=yes
ac_cv_header_memory_h=yes
ac_cv_header_netdb_h=yes
ac_cv_header_netinet_in_h=yes
ac_cv_header_ostream=yes
ac_cv_header_pthread_h=yes
ac_cv_header_set=yes
ac_cv_header_signal_h=yes
ac_cv_header_sstream=yes
ac_cv_header_stdc=yes
ac_cv_header_stdint_h=yes
ac_cv_header_stdlib_h=yes
ac_cv_header_string=yes
ac_cv_header_string_h=yes
ac_cv_header_strings_h=yes
ac_cv_header_sys_socket_h=yes
ac_cv_header_sys_stat_h=yes
ac_cv_header_sys_types_h=yes
ac_cv_header_sys_wait_h=yes
ac_cv_header_tiffio_h=yes
ac_cv_header_unistd_h=yes
ac_cv_header_utility=yes
ac_cv_header_vector=yes
ac_cv_host=x86_64-unknown-linux-gnu
ac_cv_objext=o
ac_cv_path_EGREP='/usr/bin/grep -E'
ac_cv_path_GMSGFMT=/usr/bin/msgfmt
ac_cv_path_GREP=/usr/bin/grep
ac_cv_path_MSGFMT=/usr/bin/msgfmt
ac_cv_path_MSGMERGE=/usr/bin/msgmerge
ac_cv_path_PKG_CONFIG=/usr/bin/pkg-config
ac_cv_path_XGETTEXT=/usr/bin/xgettext
ac_cv_path_install='/usr/bin/install -c'
ac_cv_path_mkdir=/usr/bin/mkdir
ac_cv_prog_AWK=gawk
ac_cv_prog_CPP='gcc -E'
ac_cv_prog_CXXCPP='g++ -E'
ac_cv_prog_ac_ct_CC=gcc
ac_cv_prog_ac_ct_CXX=g++
ac_cv_prog_ac_ct_RANLIB=ranlib
ac_cv_prog_c_Wno_deprecated_declarations=yes
ac_cv_prog_c_pthread=yes
ac_cv_prog_cc_c89=
ac_cv_prog_cc_g=yes
ac_cv_prog_cxx_Wno_deprecated=yes
ac_cv_prog_cxx_Wno_deprecated_declarations=yes
ac_cv_prog_cxx_fexceptions=yes
ac_cv_prog_cxx_fno_check_new=yes
ac_cv_prog_cxx_fsigned_char=yes
ac_cv_prog_cxx_g=yes
ac_cv_prog_cxx_pthread=yes
ac_cv_prog_cxx_std_cpp11=yes
ac_cv_prog_make_make_set=yes
ac_cv_sizeof_wchar_t=4
ac_cv_type_in_addr_t=yes
ac_cv_type_size_t=yes
ac_cv_type_socklen_t=yes
ac_cv_type_ssize_t=yes
acl_cv_hardcode_direct=no
acl_cv_hardcode_libdir_flag_spec='${wl}-rpath ${wl}$libdir'
acl_cv_hardcode_libdir_separator=
acl_cv_hardcode_minus_L=no
acl_cv_libext=a
acl_cv_libname_spec='lib$name'
acl_cv_library_names_spec='$libname$shrext'
acl_cv_path_LD=/usr/x86_64-suse-linux/bin/ld
acl_cv_prog_gnu_ld=yes
acl_cv_rpath=done
acl_cv_shlibext=so
acl_cv_wl=-Wl,
am_cv_CC_dependencies_compiler_type=gcc3
am_cv_CXX_dependencies_compiler_type=gcc3
am_cv_make_support_nested_variables=yes
gt_cv_func_CFLocaleCopyCurrent=no
gt_cv_func_CFPreferencesCopyAppValue=no
gt_cv_func_gnugettext1_libc=yes

## ----------------- ##
## Output variables. ##
## ----------------- ##

ACLOCAL='${SHELL} /run/media/netpipe/df7f53ef-2a98-4562-a498-7da578dab660/Programs/Internet/Modem_Software/efax-gtk-3.2.13/missing aclocal-1.13'
AMDEPBACKSLASH='\'
AMDEP_FALSE='#'
AMDEP_TRUE=''
AMTAR='$${TAR-tar}'
AM_BACKSLASH='\'
AM_DEFAULT_V='$(AM_DEFAULT_VERBOSITY)'
AM_DEFAULT_VERBOSITY='0'
AM_V='$(V)'
AUTOCONF='${SHELL} /run/media/netpipe/df7f53ef-2a98-4562-a498-7da578dab660/Programs/Internet/Modem_Software/efax-gtk-3.2.13/missing autoconf'
AUTOHEADER='${SHELL} /run/media/netpipe/df7f53ef-2a98-4562-a498-7da578dab660/Programs/Internet/Modem_Software/efax-gtk-3.2.13/missing autoheader'
AUTOMAKE='${SHELL} /run/media/netpipe/df7f53ef-2a98-4562-a498-7da578dab660/Programs/Internet/Modem_Software/efax-gtk-3.2.13/missing automake-1.13'
AWK='gawk'
CC='gcc'
CCDEPMODE='depmode=gcc3'
CFLAGS='-O2  -pthread -Wno-deprecated-declarations -Wall'
CPP='gcc -E'
CPPFLAGS=''
CXX='g++'
CXXCPP='g++ -E'
CXXDEPMODE='depmode=gcc3'
CXXFLAGS='-O2  -fexceptions -fsigned-char -fno-check-new -Wno-deprecated -Wno-deprecated-declarations -pthread -Wall -std=c++11'
CXX_GTK_UTILS_CFLAGS='-pthread -I/usr/include/c++-gtk-utils-3-2.2 -I/usr/include/gtk-3.0/unix-print -I/usr/include/gtk-3.0 -I/usr/include/at-spi2-atk/2.0 -I/usr/include/at-spi-2.0 -I/usr/include/dbus-1.0 -I/usr/lib64/dbus-1.0/include -I/usr/include/gtk-3.0 -I/usr/include/gio-unix-2.0/ -I/usr/include/libxkbcommon -I/usr/include/wayland -I/usr/include/cairo -I/usr/include/pango-1.0 -I/usr/include/harfbuzz -I/usr/include/pango-1.0 -I/usr/include/atk-1.0 -I/usr/include/cairo -I/usr/include/pixman-1 -I/usr/include/freetype2 -I/usr/include/libdrm -I/usr/include/libpng16 -I/usr/include/gdk-pixbuf-2.0 -I/usr/include/glib-2.0 -I/usr/lib64/glib-2.0/include -I/usr/include/gtk-3.0 -I/usr/include/at-spi2-atk/2.0 -I/usr/include/at-spi-2.0 -I/usr/include/dbus-1.0 -I/usr/lib64/dbus-1.0/include -I/usr/include/gtk-3.0 -I/usr/include/gio-unix-2.0/ -I/usr/include/libxkbcommon -I/usr/include/wayland -I/usr/include/cairo -I/usr/include/pango-1.0 -I/usr/include/harfbuzz -I/usr/include/pango-1.0 -I/usr/include/atk-1.0 -I/usr/include/cairo -I/usr/include/pixman-1 -I/usr/include/freetype2 -I/usr/include/libdrm -I/usr/include/libpng16 -I/usr/include/gdk-pixbuf-2.0 -I/usr/include/glib-2.0 -I/usr/lib64/glib-2.0/include -I/usr/include/glib-2.0 -I/usr/lib64/glib-2.0/include -I/usr/include/glib-2.0 -I/usr/lib64/glib-2.0/include'
CXX_GTK_UTILS_LIBS='-pthread -lcxx-gtk-utils-3-2.2 -lgtk-3 -lgdk-3 -lpangocairo-1.0 -lpango-1.0 -latk-1.0 -lcairo-gobject -lcairo -lgdk_pixbuf-2.0 -lgio-2.0 -lgobject-2.0 -lglib-2.0 -lgtk-3 -lgdk-3 -lpangocairo-1.0 -lpango-1.0 -latk-1.0 -lcairo-gobject -lcairo -lgdk_pixbuf-2.0 -lgio-2.0 -lgobject-2.0 -lglib-2.0 -lgio-2.0 -lgobject-2.0 -lglib-2.0 -lgthread-2.0 -pthread -lglib-2.0'
CYGPATH_W='echo'
DEFS='-DHAVE_CONFIG_H'
DEPDIR='.deps'
ECHO_C=''
ECHO_N='-n'
ECHO_T=''
EGREP='/usr/bin/grep -E'
EXEEXT=''
GETTEXT_MACRO_VERSION='0.18'
GLIB_CFLAGS='-I/usr/include/glib-2.0 -I/usr/lib64/glib-2.0/include'
GLIB_LIBS='-lglib-2.0'
GMSGFMT='/usr/bin/msgfmt'
GMSGFMT_015='/usr/bin/msgfmt'
GREP='/usr/bin/grep'
GTHREAD_CFLAGS='-pthread -I/usr/include/glib-2.0 -I/usr/lib64/glib-2.0/include'
GTHREAD_LIBS='-lgthread-2.0 -pthread -lglib-2.0'
GTK_CFLAGS='-pthread -I/usr/include/gtk-3.0 -I/usr/include/at-spi2-atk/2.0 -I/usr/include/at-spi-2.0 -I/usr/include/dbus-1.0 -I/usr/lib64/dbus-1.0/include -I/usr/include/gtk-3.0 -I/usr/include/gio-unix-2.0/ -I/usr/include/libxkbcommon -I/usr/include/wayland -I/usr/include/cairo -I/usr/include/pango-1.0 -I/usr/include/harfbuzz -I/usr/include/pango-1.0 -I/usr/include/atk-1.0 -I/usr/include/cairo -I/usr/include/pixman-1 -I/usr/include/freetype2 -I/usr/include/libdrm -I/usr/include/libpng16 -I/usr/include/gdk-pixbuf-2.0 -I/usr/include/glib-2.0 -I/usr/lib64/glib-2.0/include'
GTK_LIBS='-lgtk-3 -lgdk-3 -lpangocairo-1.0 -lpango-1.0 -latk-1.0 -lcairo-gobject -lcairo -lgdk_pixbuf-2.0 -lgio-2.0 -lgobject-2.0 -lglib-2.0'
INSTALL_DATA='${INSTALL} -m 644'
INSTALL_PROGRAM='${INSTALL}'
INSTALL_SCRIPT='${INSTALL}'
INSTALL_STRIP_PROGRAM='$(install_sh) -c -s'
INTLLIBS=''
INTL_MACOSX_LIBS=''
LDFLAGS='-s'
LIBICONV='-liconv'
LIBINTL=''
LIBOBJS=''
LIBS=''
LTLIBICONV='-liconv'
LTLIBINTL=''
LTLIBOBJS=''
MAKEINFO='${SHELL} /run/media/netpipe/df7f53ef-2a98-4562-a498-7da578dab660/Programs/Internet/Modem_Software/efax-gtk-3.2.13/missing makeinfo'
MKDIR_P='/usr/bin/mkdir -p'
MSGFMT='/usr/bin/msgfmt'
MSGFMT_015='/usr/bin/msgfmt'
MSGMERGE='/usr/bin/msgmerge'
OBJEXT='o'
PACKAGE='efax-gtk'
PACKAGE_BUGREPORT=''
PACKAGE_NAME='efax-gtk'
PACKAGE_STRING='efax-gtk 3.2.13'
PACKAGE_TARNAME='efax-gtk'
PACKAGE_URL=''
PACKAGE_VERSION='3.2.13'
PATH_SEPARATOR=':'
PKG_CONFIG='/usr/bin/pkg-config'
POSUB='po'
RANLIB='ranlib'
SET_MAKE=''
SHELL='/bin/sh'
SPOOLDIR='/var/spool/fax'
STRIP=''
USE_NLS='yes'
VERSION='3.2.13'
X11_CFLAGS=''
X11_LIBS='-lX11'
XGETTEXT='/usr/bin/xgettext'
XGETTEXT_015='/usr/bin/xgettext'
XGETTEXT_EXTRA_OPTIONS=''
ac_ct_CC='gcc'
ac_ct_CXX='g++'
am__EXEEXT_FALSE=''
am__EXEEXT_TRUE='#'
am__fastdepCC_FALSE='#'
am__fastdepCC_TRUE=''
am__fastdepCXX_FALSE='#'
am__fastdepCXX_TRUE=''
am__include='include'
am__isrc=''
am__leading_dot='.'
am__nodep='_no'
am__quote=''
am__tar='$${TAR-tar} chof - "$$tardir"'
am__untar='$${TAR-tar} xf -'
bindir='${exec_prefix}/bin'
build='x86_64-unknown-linux-gnu'
build_alias=''
build_cpu='x86_64'
build_os='linux-gnu'
build_vendor='unknown'
datadir='${datarootdir}'
datarootdir='${prefix}/share'
docdir='${datarootdir}/doc/${PACKAGE_TARNAME}'
dvidir='${docdir}'
exec_prefix='${prefix}'
host='x86_64-unknown-linux-gnu'
host_alias=''
host_cpu='x86_64'
host_os='linux-gnu'
host_vendor='unknown'
htmldir='${docdir}'
includedir='${prefix}/include'
infodir='${datarootdir}/info'
install_sh='${SHELL} /run/media/netpipe/df7f53ef-2a98-4562-a498-7da578dab660/Programs/Internet/Modem_Software/efax-gtk-3.2.13/install-sh'
libdir='${exec_prefix}/lib64'
libexecdir='${exec_prefix}/lib'
localedir='${datarootdir}/locale'
localstatedir='${prefix}/var'
mandir='${datarootdir}/man'
mkdir_p='/usr/bin/mkdir -p'
oldincludedir='/usr/include'
pdfdir='${docdir}'
prefix='/usr/local'
program_transform_name='s,x,x,'
psdir='${docdir}'
sbindir='${exec_prefix}/sbin'
sharedstatedir='${prefix}/com'
sysconfdir='${prefix}/etc'
target_alias=''

## ----------- ##
## confdefs.h. ##
## ----------- ##

/* confdefs.h */
#define PACKAGE_NAME "efax-gtk"
#define PACKAGE_TARNAME "efax-gtk"
#define PACKAGE_VERSION "3.2.13"
#define PACKAGE_STRING "efax-gtk 3.2.13"
#define PACKAGE_BUGREPORT ""
#define PACKAGE_URL ""
#define PACKAGE "efax-gtk"
#define VERSION "3.2.13"
#define HAVE_CXX_GTK_UTILS_22 1
#define STDC_HEADERS 1
#define HAVE_SYS_TYPES_H 1
#define HAVE_SYS_STAT_H 1
#define HAVE_STDLIB_H 1
#define HAVE_STRING_H 1
#define HAVE_MEMORY_H 1
#define HAVE_STRINGS_H 1
#define HAVE_INTTYPES_H 1
#define HAVE_STDINT_H 1
#define HAVE_UNISTD_H 1
#define HAVE_X11_XLIB_H 1
#define HAVE_X11_XKBLIB_H 1
#define HAVE_TIFFIO_H 1
#define HAVE_SOCKLEN_T 1
#define HAVE_IN_ADDR_T 1
#define SIZEOF_WCHAR_T 4
#define ENABLE_NLS 1
#define HAVE_GETTEXT 1
#define HAVE_DCGETTEXT 1
#define HAVE_MKSTEMP 1
#define HAVE_STREAM_IMBUE 1
#define HAVE_OSTREAM 1
#define HAVE_ISTREAM 1
#define HAVE_IOSTREAM 1
#define HAVE_SSTREAM 1
#define HAVE_VECTOR 1
#define HAVE_STRING 1
#define HAVE_FSTREAM 1
#define HAVE_IOS 1
#define HAVE_UTILITY 1
#define HAVE_ALGORITHM 1
#define HAVE_CSTDLIB 1
#define HAVE_CSTRING 1
#define HAVE_LIST 1
#define HAVE_IOMANIP 1
#define HAVE_SET 1
#define HAVE_MAP 1
#define HAVE_MEMORY 1
#define HAVE_CTIME 1
#define HAVE_CMATH 1
#define HAVE_FUNCTIONAL 1
#define HAVE_ITERATOR 1
#define HAVE_LOCALE 1
#define HAVE_EXCEPTION 1
#define HAVE_UNISTD_H 1
#define HAVE_STDLIB_H 1
#define HAVE_LIMITS_H 1
#define HAVE_SIGNAL_H 1
#define HAVE_DIRENT_H 1
#define HAVE_FCNTL_H 1
#define HAVE_ERRNO_H 1
#define HAVE_NETDB_H 1
#define HAVE_PTHREAD_H 1
#define HAVE_SYS_TYPES_H 1
#define HAVE_SYS_STAT_H 1
#define HAVE_SYS_WAIT_H 1
#define HAVE_SYS_SOCKET_H 1
#define HAVE_NETINET_IN_H 1
#define HAVE_ARPA_INET_H 1

configure: exit 0
