This file contains any messages produced by compilers while
running configure, to aid debugging if configure makes a mistake.

It was created by configure, which was
generated by GNU Autoconf 2.59.  Invocation command line was

  $ ./configure CFLAGS= LDFLAGS= --disable-shared

## --------- ##
## Platform. ##
## --------- ##

hostname = linux-fc4y
uname -m = x86_64
uname -r = 4.12.14-lp150.12.61-default
uname -s = Linux
uname -v = #1 SMP Tue May 14 18:07:55 UTC 2019 (83c1242)

/usr/bin/uname -p = x86_64
/bin/uname -X     = unknown

/bin/arch              = x86_64
/usr/bin/arch -k       = unknown
/usr/convex/getsysinfo = unknown
hostinfo               = unknown
/bin/machine           = unknown
/usr/bin/oslevel       = unknown
/bin/universe          = unknown

PATH: /home/netpipe/bin
PATH: /usr/local/bin
PATH: /usr/bin
PATH: /bin
PATH: /usr/lib/mit/bin
PATH: /usr/lib/mit/sbin


## ----------- ##
## Core tests. ##
## ----------- ##

configure:1400: loading site script /usr/share/site/x86_64-unknown-linux-gnu
| #!/bin/sh
| # Site script for configure. It is resourced via $CONFIG_SITE environment varaible.
| 
| # If user did not specify libdir, guess the correct target:
| # Use lib64 for 64 bit bi-arch targets, keep the default for the rest.
| if test "$libdir" = '${exec_prefix}/lib' ; then
| 
| 	ac_config_site_64bit_host=NONE
| 
| 	case "$host" in
| 	"" )
| 		# User did not specify host target.
| 		# The native platform x86_64 is a bi-arch platform.
| 		# Try to detect cross-compilation to inferior architecture.
| 
| 		# We are trying to guess 32-bit target compilation. It's not as easy as
| 		# it sounds, as there is possible several intermediate combinations.
| 		ac_config_site_cross_to_32bit_host=NONE
| 
| 		# User defined -m32 in CFLAGS or CXXFLAGS or CC or CXX:
| 		# (It's sufficient for 32-bit, but alone may cause mis-behavior of some checks.)
| 		case "$CFLAGS $CXXFLAGS $CC $CXX" in
| 		*-m32*)
| 			ac_config_site_cross_to_32bit_host=YES
| 			;;
| 		esac
| 
| 		# Running with linux32:
| 		# (Changes detected platform, but not the toolchain target.)
| 		case "`/bin/uname -i`" in
| 		x86_64 | ppc64 | s390x | aarch64 )
| 			;;
| 		* )
| 			ac_config_site_cross_to_32bit_host=YES
| 			;;
| 		esac
| 
| 		if test "x$ac_config_site_cross_to_32bit_host" = xNONE; then
| 			ac_config_site_64bit_host=YES
| 		fi
| 
| 		;;
| 	*x86_64* | *ppc64* | *s390x* | *aarch64* )
| 		ac_config_site_64bit_host=YES
| 		;;
| 	esac
| 
| 	if test "x$ac_config_site_64bit_host" = xYES; then
| 		libdir='${exec_prefix}/lib64'
| 	fi
| fi
| 
| # If user did not specify libexecdir, set the correct target:
| # Nor FHS nor openSUSE allow prefix/libexec. Let's default to prefix/lib.
| 
| if test "$libexecdir" = '${exec_prefix}/libexec' ; then
| 	libexecdir='${exec_prefix}/lib'
| fi
| 
| # Continue with the standard behavior of configure defined in AC_SITE_LOAD:
| if test "x$prefix" != xNONE; then
| 	ac_site_file1=$prefix/share/config.site
| 	ac_site_file2=$prefix/etc/config.site
| else
| 	ac_site_file1=$ac_default_prefix/share/config.site
| 	ac_site_file2=$ac_default_prefix/etc/config.site
| fi
| for ac_site_file in "$ac_site_file1" "$ac_site_file2"
| do
| 	test "x$ac_site_file" = xNONE && continue
| 	if test /dev/null != "$ac_site_file" && test -r "$ac_site_file"; then
| 		{ $as_echo "/usr/share/site/x86_64-unknown-linux-gnu:${as_lineno-$LINENO}: loading site script $ac_site_file" >&5
| $as_echo "/usr/share/site/x86_64-unknown-linux-gnu: loading site script $ac_site_file" >&6;}
| 		sed 's/^/| /' "$ac_site_file" >&5
| 		. "$ac_site_file" \
| 			|| { { $as_echo "/usr/share/site/x86_64-unknown-linux-gnu:${as_lineno-$LINENO}: error: in \`$ac_pwd':" >&5
| $as_echo "/usr/share/site/x86_64-unknown-linux-gnu: error: in \`$ac_pwd':" >&2;}
| as_fn_error $? "failed to load site script $ac_site_file
| See \`config.log' for more details" "$LINENO" 5; }
| 	fi
| done
configure:1538: checking for a BSD-compatible install
configure:1593: result: /usr/bin/install -c
configure:1604: checking whether build environment is sane
configure:1647: result: yes
configure:1704: checking for gawk
configure:1720: found /usr/bin/gawk
configure:1730: result: gawk
configure:1740: checking whether make sets $(MAKE)
configure:1760: result: yes
configure:1972: checking for gcc
configure:1988: found /usr/bin/gcc
configure:1998: result: gcc
configure:2242: checking for C compiler version
configure:2245: gcc --version </dev/null >&5
gcc (SUSE Linux) 7.4.1 20190424 [gcc-7-branch revision 270538]
Copyright (C) 2017 Free Software Foundation, Inc.
This is free software; see the source for copying conditions.  There is NO
warranty; not even for MERCHANTABILITY or FITNESS FOR A PARTICULAR PURPOSE.

configure:2248: $? = 0
configure:2250: gcc -v </dev/null >&5
Using built-in specs.
COLLECT_GCC=gcc
COLLECT_LTO_WRAPPER=/usr/lib64/gcc/x86_64-suse-linux/7/lto-wrapper
OFFLOAD_TARGET_NAMES=hsa:nvptx-none
Target: x86_64-suse-linux
Configured with: ../configure --prefix=/usr --infodir=/usr/share/info --mandir=/usr/share/man --libdir=/usr/lib64 --libexecdir=/usr/lib64 --enable-languages=c,c++,objc,fortran,obj-c++,ada,go --enable-offload-targets=hsa,nvptx-none=/usr/nvptx-none, --without-cuda-driver --enable-checking=release --disable-werror --with-gxx-include-dir=/usr/include/c++/7 --enable-ssp --disable-libssp --disable-libvtv --disable-libcc1 --disable-plugin --with-bugurl=https://bugs.opensuse.org/ --with-pkgversion='SUSE Linux' --with-slibdir=/lib64 --with-system-zlib --enable-libstdcxx-allocator=new --disable-libstdcxx-pch --enable-version-specific-runtime-libs --with-gcc-major-version-only --enable-linker-build-id --enable-linux-futex --enable-gnu-indirect-function --program-suffix=-7 --without-system-libunwind --enable-multilib --with-arch-32=x86-64 --with-tune=generic --build=x86_64-suse-linux --host=x86_64-suse-linux
Thread model: posix
gcc version 7.4.1 20190424 [gcc-7-branch revision 270538] (SUSE Linux) 
configure:2253: $? = 0
configure:2255: gcc -V </dev/null >&5
gcc: error: unrecognized command line option '-V'
gcc: fatal error: no input files
compilation terminated.
configure:2258: $? = 1
configure:2281: checking for C compiler default output file name
configure:2284: gcc    conftest.c  >&5
configure:2287: $? = 0
configure:2333: result: a.out
configure:2338: checking whether the C compiler works
configure:2344: ./a.out
configure:2347: $? = 0
configure:2364: result: yes
configure:2371: checking whether we are cross compiling
configure:2373: result: no
configure:2376: checking for suffix of executables
configure:2378: gcc -o conftest    conftest.c  >&5
configure:2381: $? = 0
configure:2406: result: 
configure:2412: checking for suffix of object files
configure:2433: gcc -c   conftest.c >&5
configure:2436: $? = 0
configure:2458: result: o
configure:2462: checking whether we are using the GNU C compiler
configure:2486: gcc -c   conftest.c >&5
configure:2492: $? = 0
configure:2496: test -z 
			 || test ! -s conftest.err
configure:2499: $? = 0
configure:2502: test -s conftest.o
configure:2505: $? = 0
configure:2518: result: yes
configure:2524: checking whether gcc accepts -g
configure:2545: gcc -c -g  conftest.c >&5
configure:2551: $? = 0
configure:2555: test -z 
			 || test ! -s conftest.err
configure:2558: $? = 0
configure:2561: test -s conftest.o
configure:2564: $? = 0
configure:2575: result: yes
configure:2592: checking for gcc option to accept ANSI C
configure:2662: gcc  -c   conftest.c >&5
configure:2668: $? = 0
configure:2672: test -z 
			 || test ! -s conftest.err
configure:2675: $? = 0
configure:2678: test -s conftest.o
configure:2681: $? = 0
configure:2699: result: none needed
configure:2717: gcc -c   conftest.c >&5
conftest.c:2:3: error: unknown type name 'choke'
   choke me
   ^~~~~
conftest.c:2:3: error: expected '=', ',', ';', 'asm' or '__attribute__' at end of input
configure:2723: $? = 1
configure: failed program was:
| #ifndef __cplusplus
|   choke me
| #endif
configure:2867: checking for style of include used by make
configure:2895: result: GNU
configure:2923: checking dependency style of gcc
configure:3008: result: gcc3
configure:3103: checking build system type
configure:3121: result: x86_64-unknown-linux-gnu
configure:3129: checking host system type
configure:3143: result: x86_64-unknown-linux-gnu
configure:3151: checking for a sed that does not truncate output
configure:3205: result: /usr/bin/sed
configure:3208: checking for egrep
configure:3218: result: grep -E
configure:3234: checking for ld used by gcc
configure:3301: result: /usr/x86_64-suse-linux/bin/ld
configure:3310: checking if the linker (/usr/x86_64-suse-linux/bin/ld) is GNU ld
configure:3325: result: yes
configure:3330: checking for /usr/x86_64-suse-linux/bin/ld option to reload object files
configure:3337: result: -r
configure:3346: checking for BSD-compatible nm
configure:3388: result: /usr/bin/nm -B
configure:3392: checking whether ln -s works
configure:3396: result: yes
configure:3403: checking how to recognise dependent libraries
configure:3586: result: pass_all
configure:3671: gcc -c   conftest.c >&5
configure:3674: $? = 0
configure:3800: checking how to run the C preprocessor
configure:3835: gcc -E  conftest.c
configure:3841: $? = 0
configure:3873: gcc -E  conftest.c
conftest.c:11:10: fatal error: ac_nonexistent.h: No such file or directory
 #include <ac_nonexistent.h>
          ^~~~~~~~~~~~~~~~~~
compilation terminated.
configure:3879: $? = 1
configure: failed program was:
| /* confdefs.h.  */
| 
| #define PACKAGE_NAME ""
| #define PACKAGE_TARNAME ""
| #define PACKAGE_VERSION ""
| #define PACKAGE_STRING ""
| #define PACKAGE_BUGREPORT ""
| #define PACKAGE "iax"
| #define VERSION "0.2.3"
| /* end confdefs.h.  */
| #include <ac_nonexistent.h>
configure:3918: result: gcc -E
configure:3942: gcc -E  conftest.c
configure:3948: $? = 0
configure:3980: gcc -E  conftest.c
conftest.c:11:10: fatal error: ac_nonexistent.h: No such file or directory
 #include <ac_nonexistent.h>
          ^~~~~~~~~~~~~~~~~~
compilation terminated.
configure:3986: $? = 1
configure: failed program was:
| /* confdefs.h.  */
| 
| #define PACKAGE_NAME ""
| #define PACKAGE_TARNAME ""
| #define PACKAGE_VERSION ""
| #define PACKAGE_STRING ""
| #define PACKAGE_BUGREPORT ""
| #define PACKAGE "iax"
| #define VERSION "0.2.3"
| /* end confdefs.h.  */
| #include <ac_nonexistent.h>
configure:4030: checking for ANSI C header files
configure:4055: gcc -c   conftest.c >&5
configure:4061: $? = 0
configure:4065: test -z 
			 || test ! -s conftest.err
configure:4068: $? = 0
configure:4071: test -s conftest.o
configure:4074: $? = 0
configure:4163: gcc -o conftest    conftest.c  >&5
conftest.c: In function 'main':
conftest.c:28:7: warning: implicit declaration of function 'exit' [-Wimplicit-function-declaration]
       exit(2);
       ^~~~
conftest.c:28:7: warning: incompatible implicit declaration of built-in function 'exit'
conftest.c:28:7: note: include '<stdlib.h>' or provide a declaration of 'exit'
conftest.c:29:3: warning: incompatible implicit declaration of built-in function 'exit'
   exit (0);
   ^~~~
conftest.c:29:3: note: include '<stdlib.h>' or provide a declaration of 'exit'
configure:4166: $? = 0
configure:4168: ./conftest
configure:4171: $? = 0
configure:4186: result: yes
configure:4210: checking for sys/types.h
configure:4226: gcc -c   conftest.c >&5
configure:4232: $? = 0
configure:4236: test -z 
			 || test ! -s conftest.err
configure:4239: $? = 0
configure:4242: test -s conftest.o
configure:4245: $? = 0
configure:4256: result: yes
configure:4210: checking for sys/stat.h
configure:4226: gcc -c   conftest.c >&5
configure:4232: $? = 0
configure:4236: test -z 
			 || test ! -s conftest.err
configure:4239: $? = 0
configure:4242: test -s conftest.o
configure:4245: $? = 0
configure:4256: result: yes
configure:4210: checking for stdlib.h
configure:4226: gcc -c   conftest.c >&5
configure:4232: $? = 0
configure:4236: test -z 
			 || test ! -s conftest.err
configure:4239: $? = 0
configure:4242: test -s conftest.o
configure:4245: $? = 0
configure:4256: result: yes
configure:4210: checking for string.h
configure:4226: gcc -c   conftest.c >&5
configure:4232: $? = 0
configure:4236: test -z 
			 || test ! -s conftest.err
configure:4239: $? = 0
configure:4242: test -s conftest.o
configure:4245: $? = 0
configure:4256: result: yes
configure:4210: checking for memory.h
configure:4226: gcc -c   conftest.c >&5
configure:4232: $? = 0
configure:4236: test -z 
			 || test ! -s conftest.err
configure:4239: $? = 0
configure:4242: test -s conftest.o
configure:4245: $? = 0
configure:4256: result: yes
configure:4210: checking for strings.h
configure:4226: gcc -c   conftest.c >&5
configure:4232: $? = 0
configure:4236: test -z 
			 || test ! -s conftest.err
configure:4239: $? = 0
configure:4242: test -s conftest.o
configure:4245: $? = 0
configure:4256: result: yes
configure:4210: checking for inttypes.h
configure:4226: gcc -c   conftest.c >&5
configure:4232: $? = 0
configure:4236: test -z 
			 || test ! -s conftest.err
configure:4239: $? = 0
configure:4242: test -s conftest.o
configure:4245: $? = 0
configure:4256: result: yes
configure:4210: checking for stdint.h
configure:4226: gcc -c   conftest.c >&5
configure:4232: $? = 0
configure:4236: test -z 
			 || test ! -s conftest.err
configure:4239: $? = 0
configure:4242: test -s conftest.o
configure:4245: $? = 0
configure:4256: result: yes
configure:4210: checking for unistd.h
configure:4226: gcc -c   conftest.c >&5
configure:4232: $? = 0
configure:4236: test -z 
			 || test ! -s conftest.err
configure:4239: $? = 0
configure:4242: test -s conftest.o
configure:4245: $? = 0
configure:4256: result: yes
configure:4282: checking dlfcn.h usability
configure:4294: gcc -c   conftest.c >&5
configure:4300: $? = 0
configure:4304: test -z 
			 || test ! -s conftest.err
configure:4307: $? = 0
configure:4310: test -s conftest.o
configure:4313: $? = 0
configure:4323: result: yes
configure:4327: checking dlfcn.h presence
configure:4337: gcc -E  conftest.c
configure:4343: $? = 0
configure:4363: result: yes
configure:4398: checking for dlfcn.h
configure:4405: result: yes
configure:4470: checking for g++
configure:4486: found /usr/bin/g++
configure:4496: result: g++
configure:4512: checking for C++ compiler version
configure:4515: g++ --version </dev/null >&5
g++ (SUSE Linux) 7.4.1 20190424 [gcc-7-branch revision 270538]
Copyright (C) 2017 Free Software Foundation, Inc.
This is free software; see the source for copying conditions.  There is NO
warranty; not even for MERCHANTABILITY or FITNESS FOR A PARTICULAR PURPOSE.

configure:4518: $? = 0
configure:4520: g++ -v </dev/null >&5
Using built-in specs.
COLLECT_GCC=g++
COLLECT_LTO_WRAPPER=/usr/lib64/gcc/x86_64-suse-linux/7/lto-wrapper
OFFLOAD_TARGET_NAMES=hsa:nvptx-none
Target: x86_64-suse-linux
Configured with: ../configure --prefix=/usr --infodir=/usr/share/info --mandir=/usr/share/man --libdir=/usr/lib64 --libexecdir=/usr/lib64 --enable-languages=c,c++,objc,fortran,obj-c++,ada,go --enable-offload-targets=hsa,nvptx-none=/usr/nvptx-none, --without-cuda-driver --enable-checking=release --disable-werror --with-gxx-include-dir=/usr/include/c++/7 --enable-ssp --disable-libssp --disable-libvtv --disable-libcc1 --disable-plugin --with-bugurl=https://bugs.opensuse.org/ --with-pkgversion='SUSE Linux' --with-slibdir=/lib64 --with-system-zlib --enable-libstdcxx-allocator=new --disable-libstdcxx-pch --enable-version-specific-runtime-libs --with-gcc-major-version-only --enable-linker-build-id --enable-linux-futex --enable-gnu-indirect-function --program-suffix=-7 --without-system-libunwind --enable-multilib --with-arch-32=x86-64 --with-tune=generic --build=x86_64-suse-linux --host=x86_64-suse-linux
Thread model: posix
gcc version 7.4.1 20190424 [gcc-7-branch revision 270538] (SUSE Linux) 
configure:4523: $? = 0
configure:4525: g++ -V </dev/null >&5
g++: error: unrecognized command line option '-V'
g++: fatal error: no input files
compilation terminated.
configure:4528: $? = 1
configure:4531: checking whether we are using the GNU C++ compiler
configure:4555: g++ -c   conftest.cc >&5
configure:4561: $? = 0
configure:4565: test -z 
			 || test ! -s conftest.err
configure:4568: $? = 0
configure:4571: test -s conftest.o
configure:4574: $? = 0
configure:4587: result: yes
configure:4593: checking whether g++ accepts -g
configure:4614: g++ -c -g  conftest.cc >&5
configure:4620: $? = 0
configure:4624: test -z 
			 || test ! -s conftest.err
configure:4627: $? = 0
configure:4630: test -s conftest.o
configure:4633: $? = 0
configure:4644: result: yes
configure:4686: g++ -c -g -O2  conftest.cc >&5
configure:4692: $? = 0
configure:4696: test -z 
			 || test ! -s conftest.err
configure:4699: $? = 0
configure:4702: test -s conftest.o
configure:4705: $? = 0
configure:4731: g++ -c -g -O2  conftest.cc >&5
conftest.cc: In function 'int main()':
conftest.cc:26:1: error: 'exit' was not declared in this scope
 exit (42);
 ^~~~
configure:4737: $? = 1
configure: failed program was:
| /* confdefs.h.  */
| 
| #define PACKAGE_NAME ""
| #define PACKAGE_TARNAME ""
| #define PACKAGE_VERSION ""
| #define PACKAGE_STRING ""
| #define PACKAGE_BUGREPORT ""
| #define PACKAGE "iax"
| #define VERSION "0.2.3"
| #define STDC_HEADERS 1
| #define HAVE_SYS_TYPES_H 1
| #define HAVE_SYS_STAT_H 1
| #define HAVE_STDLIB_H 1
| #define HAVE_STRING_H 1
| #define HAVE_MEMORY_H 1
| #define HAVE_STRINGS_H 1
| #define HAVE_INTTYPES_H 1
| #define HAVE_STDINT_H 1
| #define HAVE_UNISTD_H 1
| #define HAVE_DLFCN_H 1
| /* end confdefs.h.  */
| 
| int
| main ()
| {
| exit (42);
|   ;
|   return 0;
| }
configure:4686: g++ -c -g -O2  conftest.cc >&5
configure:4692: $? = 0
configure:4696: test -z 
			 || test ! -s conftest.err
configure:4699: $? = 0
configure:4702: test -s conftest.o
configure:4705: $? = 0
configure:4731: g++ -c -g -O2  conftest.cc >&5
configure:4737: $? = 0
configure:4741: test -z 
			 || test ! -s conftest.err
configure:4744: $? = 0
configure:4747: test -s conftest.o
configure:4750: $? = 0
configure:4775: checking dependency style of g++
configure:4860: result: gcc3
configure:4882: checking how to run the C++ preprocessor
configure:4913: g++ -E  conftest.cc
configure:4919: $? = 0
configure:4951: g++ -E  conftest.cc
conftest.cc:25:10: fatal error: ac_nonexistent.h: No such file or directory
 #include <ac_nonexistent.h>
          ^~~~~~~~~~~~~~~~~~
compilation terminated.
configure:4957: $? = 1
configure: failed program was:
| /* confdefs.h.  */
| 
| #define PACKAGE_NAME ""
| #define PACKAGE_TARNAME ""
| #define PACKAGE_VERSION ""
| #define PACKAGE_STRING ""
| #define PACKAGE_BUGREPORT ""
| #define PACKAGE "iax"
| #define VERSION "0.2.3"
| #define STDC_HEADERS 1
| #define HAVE_SYS_TYPES_H 1
| #define HAVE_SYS_STAT_H 1
| #define HAVE_STDLIB_H 1
| #define HAVE_STRING_H 1
| #define HAVE_MEMORY_H 1
| #define HAVE_STRINGS_H 1
| #define HAVE_INTTYPES_H 1
| #define HAVE_STDINT_H 1
| #define HAVE_UNISTD_H 1
| #define HAVE_DLFCN_H 1
| #ifdef __cplusplus
| extern "C" void std::exit (int) throw (); using std::exit;
| #endif
| /* end confdefs.h.  */
| #include <ac_nonexistent.h>
configure:4996: result: g++ -E
configure:5020: g++ -E  conftest.cc
configure:5026: $? = 0
configure:5058: g++ -E  conftest.cc
conftest.cc:25:10: fatal error: ac_nonexistent.h: No such file or directory
 #include <ac_nonexistent.h>
          ^~~~~~~~~~~~~~~~~~
compilation terminated.
configure:5064: $? = 1
configure: failed program was:
| /* confdefs.h.  */
| 
| #define PACKAGE_NAME ""
| #define PACKAGE_TARNAME ""
| #define PACKAGE_VERSION ""
| #define PACKAGE_STRING ""
| #define PACKAGE_BUGREPORT ""
| #define PACKAGE "iax"
| #define VERSION "0.2.3"
| #define STDC_HEADERS 1
| #define HAVE_SYS_TYPES_H 1
| #define HAVE_SYS_STAT_H 1
| #define HAVE_STDLIB_H 1
| #define HAVE_STRING_H 1
| #define HAVE_MEMORY_H 1
| #define HAVE_STRINGS_H 1
| #define HAVE_INTTYPES_H 1
| #define HAVE_STDINT_H 1
| #define HAVE_UNISTD_H 1
| #define HAVE_DLFCN_H 1
| #ifdef __cplusplus
| extern "C" void std::exit (int) throw (); using std::exit;
| #endif
| /* end confdefs.h.  */
| #include <ac_nonexistent.h>
configure:5159: checking for g77
configure:5188: result: no
configure:5159: checking for f77
configure:5188: result: no
configure:5159: checking for xlf
configure:5188: result: no
configure:5159: checking for frt
configure:5188: result: no
configure:5159: checking for pgf77
configure:5188: result: no
configure:5159: checking for fort77
configure:5188: result: no
configure:5159: checking for fl32
configure:5188: result: no
configure:5159: checking for af77
configure:5188: result: no
configure:5159: checking for f90
configure:5188: result: no
configure:5159: checking for xlf90
configure:5188: result: no
configure:5159: checking for pgf90
configure:5188: result: no
configure:5159: checking for epcf90
configure:5188: result: no
configure:5159: checking for f95
configure:5188: result: no
configure:5159: checking for fort
configure:5188: result: no
configure:5159: checking for xlf95
configure:5188: result: no
configure:5159: checking for ifc
configure:5188: result: no
configure:5159: checking for efc
configure:5188: result: no
configure:5159: checking for pgf95
configure:5188: result: no
configure:5159: checking for lf95
configure:5188: result: no
configure:5159: checking for gfortran
configure:5188: result: no
configure:5200: checking for Fortran 77 compiler version
configure:5203:  --version </dev/null >&5
./configure: line 5204: --version: command not found
configure:5206: $? = 127
configure:5208:  -v </dev/null >&5
./configure: line 5209: -v: command not found
configure:5211: $? = 127
configure:5213:  -V </dev/null >&5
./configure: line 5214: -V: command not found
configure:5216: $? = 127
configure:5224: checking whether we are using the GNU Fortran 77 compiler
configure:5238:  -c  conftest.F >&5
./configure: line 5239: -c: command not found
configure:5244: $? = 127
configure: failed program was:
|       program main
| #ifndef __GNUC__
|        choke me
| #endif
| 
|       end
configure:5270: result: no
configure:5276: checking whether  accepts -g
configure:5288:  -c -g conftest.f >&5
./configure: line 5289: -c: command not found
configure:5294: $? = 127
configure: failed program was:
|       program main
| 
|       end
configure:5319: result: no
configure:5349: checking the maximum length of command line arguments
configure:5414: result: 32768
configure:5425: checking command to parse /usr/bin/nm -B output from gcc object
configure:5514: gcc -c   conftest.c >&5
configure:5517: $? = 0
configure:5521: /usr/bin/nm -B conftest.o \| sed -n -e 's/^.*[ 	]\([ABCDGIRSTW][ABCDGIRSTW]*\)[ 	][ 	]*\(\)\([_A-Za-z][_A-Za-z0-9]*\)$/\1 \2\3 \3/p' \> conftest.nm
configure:5524: $? = 0
configure:5576: gcc -o conftest    conftest.c conftstm.o >&5
configure:5579: $? = 0
configure:5617: result: ok
configure:5621: checking for objdir
configure:5636: result: .libs
configure:5726: checking for ar
configure:5742: found /usr/bin/ar
configure:5753: result: ar
configure:5806: checking for ranlib
configure:5822: found /usr/bin/ranlib
configure:5833: result: ranlib
configure:5886: checking for strip
configure:5902: found /usr/bin/strip
configure:5913: result: strip
configure:6175: checking if gcc static flag  works
configure:6198: result: yes
configure:6216: checking if gcc supports -fno-rtti -fno-exceptions
configure:6234: gcc -c   -fno-rtti -fno-exceptions conftest.c >&5
cc1: warning: command line option '-fno-rtti' is valid for C++/ObjC++ but not for C
configure:6238: $? = 0
configure:6249: result: no
configure:6264: checking for gcc option to produce PIC
configure:6441: result: -fPIC
configure:6449: checking if gcc PIC flag -fPIC works
configure:6467: gcc -c   -fPIC -DPIC conftest.c >&5
configure:6471: $? = 0
configure:6482: result: yes
configure:6506: checking if gcc supports -c -o file.o
configure:6527: gcc -c   -o out/conftest2.o conftest.c >&5
configure:6531: $? = 0
configure:6551: result: yes
configure:6577: checking whether the gcc linker (/usr/x86_64-suse-linux/bin/ld -m elf_x86_64) supports shared libraries
configure:7425: result: yes
configure:7496: checking dynamic linker characteristics
configure:7862: gcc -c   conftest.c >&5
configure:7865: $? = 0
configure:8057: result: GNU/Linux ld.so
configure:8061: checking how to hardcode library paths into programs
configure:8086: result: immediate
configure:8100: checking whether stripping libraries is possible
configure:8105: result: yes
configure:8935: checking if libtool supports shared libraries
configure:8937: result: yes
configure:8940: checking whether to build shared libraries
configure:8998: result: no
configure:9001: checking whether to build static libraries
configure:9005: result: yes
configure:9097: creating libtool
configure:9644: checking for ld used by g++
configure:9711: result: /usr/x86_64-suse-linux/bin/ld -m elf_x86_64
configure:9720: checking if the linker (/usr/x86_64-suse-linux/bin/ld -m elf_x86_64) is GNU ld
configure:9735: result: yes
configure:9786: checking whether the g++ linker (/usr/x86_64-suse-linux/bin/ld -m elf_x86_64) supports shared libraries
configure:10614: result: yes
configure:10632: g++ -c -g -O2  conftest.cc >&5
configure:10635: $? = 0
configure:10731: checking for g++ option to produce PIC
configure:10983: result: -fPIC
configure:10991: checking if g++ PIC flag -fPIC works
configure:11009: g++ -c -g -O2  -fPIC -DPIC conftest.cc >&5
configure:11013: $? = 0
configure:11024: result: yes
configure:11048: checking if g++ supports -c -o file.o
configure:11069: g++ -c -g -O2  -o out/conftest2.o conftest.cc >&5
configure:11073: $? = 0
configure:11093: result: yes
configure:11119: checking whether the g++ linker (/usr/x86_64-suse-linux/bin/ld -m elf_x86_64) supports shared libraries
configure:11144: result: yes
configure:11215: checking dynamic linker characteristics
configure:11581: g++ -c -g -O2  conftest.cc >&5
configure:11584: $? = 0
configure:11776: result: GNU/Linux ld.so
configure:11780: checking how to hardcode library paths into programs
configure:11805: result: immediate
configure:11819: checking whether stripping libraries is possible
configure:11824: result: yes
configure:19114: checking for a BSD-compatible install
configure:19169: result: /usr/bin/install -c
configure:19182: checking for ANSI C header files
configure:19338: result: yes
configure:19530: creating ./config.status

## ---------------------- ##
## Running config.status. ##
## ---------------------- ##

This file was extended by config.status, which was
generated by GNU Autoconf 2.59.  Invocation command line was

  CONFIG_FILES    = 
  CONFIG_HEADERS  = 
  CONFIG_LINKS    = 
  CONFIG_COMMANDS = 
  $ ./config.status 

on linux-fc4y

config.status:709: creating Makefile
config.status:709: creating src/Makefile
config.status:709: creating iax.spec
config.status:709: creating iax-config
config.status:892: executing depfiles commands
config.status:892: executing default commands

## ---------------- ##
## Cache variables. ##
## ---------------- ##

ac_cv_build=x86_64-unknown-linux-gnu
ac_cv_build_alias=x86_64-unknown-linux-gnu
ac_cv_c_compiler_gnu=yes
ac_cv_cxx_compiler_gnu=yes
ac_cv_env_CC_set=
ac_cv_env_CC_value=
ac_cv_env_CFLAGS_set=set
ac_cv_env_CFLAGS_value=
ac_cv_env_CPPFLAGS_set=
ac_cv_env_CPPFLAGS_value=
ac_cv_env_CPP_set=
ac_cv_env_CPP_value=
ac_cv_env_CXXCPP_set=
ac_cv_env_CXXCPP_value=
ac_cv_env_CXXFLAGS_set=
ac_cv_env_CXXFLAGS_value=
ac_cv_env_CXX_set=
ac_cv_env_CXX_value=
ac_cv_env_F77_set=
ac_cv_env_F77_value=
ac_cv_env_FFLAGS_set=
ac_cv_env_FFLAGS_value=
ac_cv_env_LDFLAGS_set=set
ac_cv_env_LDFLAGS_value=
ac_cv_env_build_alias_set=
ac_cv_env_build_alias_value=
ac_cv_env_host_alias_set=
ac_cv_env_host_alias_value=
ac_cv_env_target_alias_set=
ac_cv_env_target_alias_value=
ac_cv_exeext=
ac_cv_f77_compiler_gnu=no
ac_cv_header_dlfcn_h=yes
ac_cv_header_inttypes_h=yes
ac_cv_header_memory_h=yes
ac_cv_header_stdc=yes
ac_cv_header_stdint_h=yes
ac_cv_header_stdlib_h=yes
ac_cv_header_string_h=yes
ac_cv_header_strings_h=yes
ac_cv_header_sys_stat_h=yes
ac_cv_header_sys_types_h=yes
ac_cv_header_unistd_h=yes
ac_cv_host=x86_64-unknown-linux-gnu
ac_cv_host_alias=x86_64-unknown-linux-gnu
ac_cv_objext=o
ac_cv_path_install='/usr/bin/install -c'
ac_cv_prog_AWK=gawk
ac_cv_prog_CPP='gcc -E'
ac_cv_prog_CXXCPP='g++ -E'
ac_cv_prog_ac_ct_AR=ar
ac_cv_prog_ac_ct_CC=gcc
ac_cv_prog_ac_ct_CXX=g++
ac_cv_prog_ac_ct_RANLIB=ranlib
ac_cv_prog_ac_ct_STRIP=strip
ac_cv_prog_cc_g=yes
ac_cv_prog_cc_stdc=
ac_cv_prog_cxx_g=yes
ac_cv_prog_egrep='grep -E'
ac_cv_prog_f77_g=no
ac_cv_prog_make_make_set=yes
am_cv_CC_dependencies_compiler_type=gcc3
am_cv_CXX_dependencies_compiler_type=gcc3
lt_cv_deplibs_check_method=pass_all
lt_cv_file_magic_cmd='$MAGIC_CMD'
lt_cv_file_magic_test_file='/lib/libc.so.6 /lib/libc-2.26.so'
lt_cv_ld_reload_flag=-r
lt_cv_objdir=.libs
lt_cv_path_LD=/usr/x86_64-suse-linux/bin/ld
lt_cv_path_LDCXX='/usr/x86_64-suse-linux/bin/ld -m elf_x86_64'
lt_cv_path_NM='/usr/bin/nm -B'
lt_cv_path_SED=/usr/bin/sed
lt_cv_prog_compiler_c_o=yes
lt_cv_prog_compiler_c_o_CXX=yes
lt_cv_prog_compiler_rtti_exceptions=no
lt_cv_prog_gnu_ld=yes
lt_cv_prog_gnu_ldcxx=yes
lt_cv_sys_global_symbol_pipe='sed -n -e '\''s/^.*[ 	]\([ABCDGIRSTW][ABCDGIRSTW]*\)[ 	][ 	]*\(\)\([_A-Za-z][_A-Za-z0-9]*\)$/\1 \2\3 \3/p'\'''
lt_cv_sys_global_symbol_to_c_name_address='sed -n -e '\''s/^: \([^ ]*\) $/  {\"\1\", (lt_ptr) 0},/p'\'' -e '\''s/^[BCDEGRST] \([^ ]*\) \([^ ]*\)$/  {"\2", (lt_ptr) \&\2},/p'\'''
lt_cv_sys_global_symbol_to_cdecl='sed -n -e '\''s/^. .* \(.*\)$/extern int \1;/p'\'''
lt_cv_sys_max_cmd_len=32768
lt_lt_cv_prog_compiler_c_o='"yes"'
lt_lt_cv_prog_compiler_c_o_CXX='"yes"'
lt_lt_cv_sys_global_symbol_pipe='"sed -n -e '\''s/^.*[ 	]\\([ABCDGIRSTW][ABCDGIRSTW]*\\)[ 	][ 	]*\\(\\)\\([_A-Za-z][_A-Za-z0-9]*\\)\$/\\1 \\2\\3 \\3/p'\''"'
lt_lt_cv_sys_global_symbol_to_c_name_address='"sed -n -e '\''s/^: \\([^ ]*\\) \$/  {\\\"\\1\\\", (lt_ptr) 0},/p'\'' -e '\''s/^[BCDEGRST] \\([^ ]*\\) \\([^ ]*\\)\$/  {\"\\2\", (lt_ptr) \\&\\2},/p'\''"'
lt_lt_cv_sys_global_symbol_to_cdecl='"sed -n -e '\''s/^. .* \\(.*\\)\$/extern int \\1;/p'\''"'

## ----------------- ##
## Output variables. ##
## ----------------- ##

ACLOCAL='${SHELL} /run/media/netpipe/df7f53ef-2a98-4562-a498-7da578dab660/Programs/Internet/Modem_Software/iaxmodem-1.2.0/lib/libiax2/missing --run aclocal-1.8'
AMDEPBACKSLASH='\'
AMDEP_FALSE='#'
AMDEP_TRUE=''
AMTAR='${SHELL} /run/media/netpipe/df7f53ef-2a98-4562-a498-7da578dab660/Programs/Internet/Modem_Software/iaxmodem-1.2.0/lib/libiax2/missing --run tar'
AR='ar'
AUTOCONF='${SHELL} /run/media/netpipe/df7f53ef-2a98-4562-a498-7da578dab660/Programs/Internet/Modem_Software/iaxmodem-1.2.0/lib/libiax2/missing --run autoconf'
AUTOHEADER='${SHELL} /run/media/netpipe/df7f53ef-2a98-4562-a498-7da578dab660/Programs/Internet/Modem_Software/iaxmodem-1.2.0/lib/libiax2/missing --run autoheader'
AUTOMAKE='${SHELL} /run/media/netpipe/df7f53ef-2a98-4562-a498-7da578dab660/Programs/Internet/Modem_Software/iaxmodem-1.2.0/lib/libiax2/missing --run automake-1.8'
AWK='gawk'
CC='gcc'
CCDEPMODE='depmode=gcc3'
CFLAGS=''
CPP='gcc -E'
CPPFLAGS=''
CXX='g++'
CXXCPP='g++ -E'
CXXDEPMODE='depmode=gcc3'
CXXFLAGS='-g -O2'
CYGPATH_W='echo'
DEFS='-DPACKAGE_NAME=\"\" -DPACKAGE_TARNAME=\"\" -DPACKAGE_VERSION=\"\" -DPACKAGE_STRING=\"\" -DPACKAGE_BUGREPORT=\"\" -DPACKAGE=\"iax\" -DVERSION=\"0.2.3\" -DSTDC_HEADERS=1 -DHAVE_SYS_TYPES_H=1 -DHAVE_SYS_STAT_H=1 -DHAVE_STDLIB_H=1 -DHAVE_STRING_H=1 -DHAVE_MEMORY_H=1 -DHAVE_STRINGS_H=1 -DHAVE_INTTYPES_H=1 -DHAVE_STDINT_H=1 -DHAVE_UNISTD_H=1 -DHAVE_DLFCN_H=1 -DSTDC_HEADERS=1 '
DEPDIR='.deps'
ECHO='echo'
ECHO_C=''
ECHO_N='-n'
ECHO_T=''
EGREP='grep -E'
EXEEXT=''
F77=''
FFLAGS=''
IAX_VERSION=''
INSTALL_DATA='${INSTALL} -m 644'
INSTALL_PROGRAM='${INSTALL}'
INSTALL_SCRIPT='${INSTALL}'
INSTALL_STRIP_PROGRAM='${SHELL} $(install_sh) -c -s'
LDFLAGS=''
LIBOBJS=''
LIBS=''
LIBTOOL='$(SHELL) $(top_builddir)/libtool'
LN_S='ln -s'
LTLIBOBJS=''
MAKEINFO='${SHELL} /run/media/netpipe/df7f53ef-2a98-4562-a498-7da578dab660/Programs/Internet/Modem_Software/iaxmodem-1.2.0/lib/libiax2/missing --run makeinfo'
OBJEXT='o'
PACKAGE='iax'
PACKAGE_BUGREPORT=''
PACKAGE_NAME=''
PACKAGE_STRING=''
PACKAGE_TARNAME=''
PACKAGE_VERSION=''
PATH_SEPARATOR=':'
RANLIB='ranlib'
SET_MAKE=''
SHELL='/bin/sh'
STRIP='strip'
VERSION='0.2.3'
ac_ct_AR='ar'
ac_ct_CC='gcc'
ac_ct_CXX='g++'
ac_ct_F77=''
ac_ct_RANLIB='ranlib'
ac_ct_STRIP='strip'
am__fastdepCC_FALSE='#'
am__fastdepCC_TRUE=''
am__fastdepCXX_FALSE='#'
am__fastdepCXX_TRUE=''
am__include='include'
am__leading_dot='.'
am__quote=''
bindir='${exec_prefix}/bin'
build='x86_64-unknown-linux-gnu'
build_alias=''
build_cpu='x86_64'
build_os='linux-gnu'
build_vendor='unknown'
datadir='${prefix}/share'
exec_prefix='${prefix}'
host='x86_64-unknown-linux-gnu'
host_alias=''
host_cpu='x86_64'
host_os='linux-gnu'
host_vendor='unknown'
includedir='${prefix}/include'
infodir='${prefix}/info'
install_sh='/run/media/netpipe/df7f53ef-2a98-4562-a498-7da578dab660/Programs/Internet/Modem_Software/iaxmodem-1.2.0/lib/libiax2/install-sh'
libdir='${exec_prefix}/lib64'
libexecdir='${exec_prefix}/lib'
localstatedir='${prefix}/var'
mandir='${prefix}/man'
mkdir_p='mkdir -p -- .'
oldincludedir='/usr/include'
prefix='/usr/local'
program_transform_name='s,x,x,'
sbindir='${exec_prefix}/sbin'
sharedstatedir='${prefix}/com'
sysconfdir='${prefix}/etc'
target_alias=''

## ----------- ##
## confdefs.h. ##
## ----------- ##

#define HAVE_DLFCN_H 1
#define HAVE_INTTYPES_H 1
#define HAVE_MEMORY_H 1
#define HAVE_STDINT_H 1
#define HAVE_STDLIB_H 1
#define HAVE_STRINGS_H 1
#define HAVE_STRING_H 1
#define HAVE_SYS_STAT_H 1
#define HAVE_SYS_TYPES_H 1
#define HAVE_UNISTD_H 1
#define PACKAGE "iax"
#define PACKAGE_BUGREPORT ""
#define PACKAGE_NAME ""
#define PACKAGE_STRING ""
#define PACKAGE_TARNAME ""
#define PACKAGE_VERSION ""
#define STDC_HEADERS 1
#define STDC_HEADERS 1
#define VERSION "0.2.3"
#endif
#ifdef __cplusplus
extern "C" void std::exit (int) throw (); using std::exit;

configure: exit 0
